<?xml version="1.0" encoding="UTF-8"?>
<coverage generated="1522227143369" clover="3.2.0">
  <project timestamp="1522227143369" name="All files">
    <metrics statements="267" coveredstatements="206" conditionals="120" coveredconditionals="82" methods="88" coveredmethods="73" elements="475" coveredelements="361" complexity="0" loc="267" ncloc="267" packages="8" files="31" classes="31">
      <package name="app">
        <metrics statements="23" coveredstatements="23" conditionals="14" coveredconditionals="14" methods="5" coveredmethods="5"/>
        <file name="configureStore.js" path="/Users/qwert/PhpstormProjects/bolirplate_lint_scss/react_empty_app_sass_boilerplate/app/configureStore.js">
          <metrics statements="9" coveredstatements="9" conditionals="6" coveredconditionals="6" methods="1" coveredmethods="1"/>
          <line num="11" count="6" type="stmt"/>
          <line num="17" count="39" type="stmt"/>
          <line num="22" count="39" type="stmt"/>
          <line num="29" count="39" type="cond" truecount="5" falsecount="0"/>
          <line num="40" count="39" type="stmt"/>
          <line num="47" count="39" type="stmt"/>
          <line num="48" count="39" type="stmt"/>
          <line num="49" count="39" type="stmt"/>
          <line num="59" count="39" type="stmt"/>
        </file>
        <file name="i18n.js" path="/Users/qwert/PhpstormProjects/bolirplate_lint_scss/react_empty_app_sass_boilerplate/app/i18n.js">
          <metrics statements="10" coveredstatements="10" conditionals="6" coveredconditionals="6" methods="2" coveredmethods="2"/>
          <line num="13" count="2" type="stmt"/>
          <line num="17" count="2" type="stmt"/>
          <line num="19" count="2" type="stmt"/>
          <line num="20" count="5" type="cond" truecount="2" falsecount="0"/>
          <line num="23" count="5" type="stmt"/>
          <line num="24" count="7" type="stmt"/>
          <line num="25" count="7" type="cond" truecount="4" falsecount="0"/>
          <line num="26" count="1" type="stmt"/>
          <line num="28" count="7" type="stmt"/>
          <line num="32" count="2" type="stmt"/>
        </file>
        <file name="reducers.js" path="/Users/qwert/PhpstormProjects/bolirplate_lint_scss/react_empty_app_sass_boilerplate/app/reducers.js">
          <metrics statements="4" coveredstatements="4" conditionals="2" coveredconditionals="2" methods="2" coveredmethods="2"/>
          <line num="20" count="8" type="stmt"/>
          <line num="28" count="49" type="cond" truecount="1" falsecount="0"/>
          <line num="35" count="49" type="stmt"/>
          <line num="43" count="44" type="stmt"/>
        </file>
      </package>
      <package name="app.containers.App">
        <metrics statements="5" coveredstatements="5" conditionals="0" coveredconditionals="0" methods="4" coveredmethods="4"/>
        <file name="constants.js" path="/Users/qwert/PhpstormProjects/bolirplate_lint_scss/react_empty_app_sass_boilerplate/app/containers/App/constants.js">
          <metrics statements="1" coveredstatements="1" conditionals="0" coveredconditionals="0" methods="0" coveredmethods="0"/>
          <line num="12" count="10" type="stmt"/>
        </file>
        <file name="index.js" path="/Users/qwert/PhpstormProjects/bolirplate_lint_scss/react_empty_app_sass_boilerplate/app/containers/App/index.js">
          <metrics statements="1" coveredstatements="1" conditionals="0" coveredconditionals="0" methods="1" coveredmethods="1"/>
          <line num="22" count="1" type="stmt"/>
        </file>
        <file name="selectors.js" path="/Users/qwert/PhpstormProjects/bolirplate_lint_scss/react_empty_app_sass_boilerplate/app/containers/App/selectors.js">
          <metrics statements="3" coveredstatements="3" conditionals="0" coveredconditionals="0" methods="3" coveredmethods="3"/>
          <line num="3" count="1" type="stmt"/>
          <line num="5" count="1" type="stmt"/>
          <line num="7" count="1" type="stmt"/>
        </file>
      </package>
      <package name="app.containers.HomePage">
        <metrics statements="1" coveredstatements="1" conditionals="0" coveredconditionals="0" methods="1" coveredmethods="1"/>
        <file name="index.js" path="/Users/qwert/PhpstormProjects/bolirplate_lint_scss/react_empty_app_sass_boilerplate/app/containers/HomePage/index.js">
          <metrics statements="1" coveredstatements="1" conditionals="0" coveredconditionals="0" methods="1" coveredmethods="1"/>
          <line num="18" count="1" type="stmt"/>
        </file>
        <file name="messages.js" path="/Users/qwert/PhpstormProjects/bolirplate_lint_scss/react_empty_app_sass_boilerplate/app/containers/HomePage/messages.js">
          <metrics statements="0" coveredstatements="0" conditionals="0" coveredconditionals="0" methods="0" coveredmethods="0"/>
        </file>
      </package>
      <package name="app.containers.LanguageProvider">
        <metrics statements="15" coveredstatements="15" conditionals="3" coveredconditionals="3" methods="8" coveredmethods="8"/>
        <file name="actions.js" path="/Users/qwert/PhpstormProjects/bolirplate_lint_scss/react_empty_app_sass_boilerplate/app/containers/LanguageProvider/actions.js">
          <metrics statements="1" coveredstatements="1" conditionals="0" coveredconditionals="0" methods="1" coveredmethods="1"/>
          <line num="12" count="1" type="stmt"/>
        </file>
        <file name="constants.js" path="/Users/qwert/PhpstormProjects/bolirplate_lint_scss/react_empty_app_sass_boilerplate/app/containers/LanguageProvider/constants.js">
          <metrics statements="2" coveredstatements="2" conditionals="0" coveredconditionals="0" methods="0" coveredmethods="0"/>
          <line num="7" count="10" type="stmt"/>
          <line num="8" count="10" type="stmt"/>
        </file>
        <file name="index.js" path="/Users/qwert/PhpstormProjects/bolirplate_lint_scss/react_empty_app_sass_boilerplate/app/containers/LanguageProvider/index.js">
          <metrics statements="5" coveredstatements="5" conditionals="0" coveredconditionals="0" methods="3" coveredmethods="3"/>
          <line num="19" count="2" type="stmt"/>
          <line num="27" count="1" type="stmt"/>
          <line num="34" count="1" type="stmt"/>
          <line num="36" count="1" type="stmt"/>
          <line num="40" count="1" type="stmt"/>
        </file>
        <file name="reducer.js" path="/Users/qwert/PhpstormProjects/bolirplate_lint_scss/react_empty_app_sass_boilerplate/app/containers/LanguageProvider/reducer.js">
          <metrics statements="4" coveredstatements="4" conditionals="3" coveredconditionals="3" methods="1" coveredmethods="1"/>
          <line num="16" count="9" type="stmt"/>
          <line num="21" count="51" type="cond" truecount="2" falsecount="0"/>
          <line num="23" count="1" type="stmt"/>
          <line num="26" count="50" type="stmt"/>
        </file>
        <file name="selectors.js" path="/Users/qwert/PhpstormProjects/bolirplate_lint_scss/react_empty_app_sass_boilerplate/app/containers/LanguageProvider/selectors.js">
          <metrics statements="3" coveredstatements="3" conditionals="0" coveredconditionals="0" methods="3" coveredmethods="3"/>
          <line num="6" count="2" type="stmt"/>
          <line num="12" count="2" type="stmt"/>
          <line num="14" count="1" type="stmt"/>
        </file>
      </package>
      <package name="app.containers.NotFoundPage">
        <metrics statements="1" coveredstatements="1" conditionals="0" coveredconditionals="0" methods="1" coveredmethods="1"/>
        <file name="index.js" path="/Users/qwert/PhpstormProjects/bolirplate_lint_scss/react_empty_app_sass_boilerplate/app/containers/NotFoundPage/index.js">
          <metrics statements="1" coveredstatements="1" conditionals="0" coveredconditionals="0" methods="1" coveredmethods="1"/>
          <line num="19" count="1" type="stmt"/>
        </file>
        <file name="messages.js" path="/Users/qwert/PhpstormProjects/bolirplate_lint_scss/react_empty_app_sass_boilerplate/app/containers/NotFoundPage/messages.js">
          <metrics statements="0" coveredstatements="0" conditionals="0" coveredconditionals="0" methods="0" coveredmethods="0"/>
        </file>
      </package>
      <package name="app.containers.SimpleDND">
        <metrics statements="71" coveredstatements="64" conditionals="13" coveredconditionals="13" methods="24" coveredmethods="18"/>
        <file name="actions.js" path="/Users/qwert/PhpstormProjects/bolirplate_lint_scss/react_empty_app_sass_boilerplate/app/containers/SimpleDND/actions.js">
          <metrics statements="8" coveredstatements="8" conditionals="0" coveredconditionals="0" methods="8" coveredmethods="8"/>
          <line num="19" count="2" type="stmt"/>
          <line num="25" count="2" type="stmt"/>
          <line num="31" count="2" type="stmt"/>
          <line num="37" count="2" type="stmt"/>
          <line num="44" count="2" type="stmt"/>
          <line num="50" count="3" type="stmt"/>
          <line num="55" count="3" type="stmt"/>
          <line num="61" count="2" type="stmt"/>
        </file>
        <file name="constants.js" path="/Users/qwert/PhpstormProjects/bolirplate_lint_scss/react_empty_app_sass_boilerplate/app/containers/SimpleDND/constants.js">
          <metrics statements="9" coveredstatements="9" conditionals="0" coveredconditionals="0" methods="0" coveredmethods="0"/>
          <line num="1" count="4" type="stmt"/>
          <line num="2" count="4" type="stmt"/>
          <line num="3" count="4" type="stmt"/>
          <line num="4" count="4" type="stmt"/>
          <line num="5" count="4" type="stmt"/>
          <line num="6" count="4" type="stmt"/>
          <line num="7" count="4" type="stmt"/>
          <line num="8" count="4" type="stmt"/>
          <line num="9" count="4" type="stmt"/>
        </file>
        <file name="index.js" path="/Users/qwert/PhpstormProjects/bolirplate_lint_scss/react_empty_app_sass_boilerplate/app/containers/SimpleDND/index.js">
          <metrics statements="17" coveredstatements="10" conditionals="0" coveredconditionals="0" methods="11" coveredmethods="5"/>
          <line num="55" count="4" type="stmt"/>
          <line num="56" count="4" type="stmt"/>
          <line num="59" count="0" type="stmt"/>
          <line num="66" count="0" type="stmt"/>
          <line num="70" count="0" type="stmt"/>
          <line num="73" count="0" type="stmt"/>
          <line num="76" count="1" type="stmt"/>
          <line num="79" count="1" type="stmt"/>
          <line num="82" count="0" type="stmt"/>
          <line num="83" count="0" type="stmt"/>
          <line num="88" count="4" type="stmt"/>
          <line num="89" count="4" type="stmt"/>
          <line num="101" count="4" type="stmt"/>
          <line num="125" count="0" type="stmt"/>
          <line num="136" count="2" type="stmt"/>
          <line num="139" count="2" type="stmt"/>
          <line num="140" count="2" type="stmt"/>
        </file>
        <file name="reducer.js" path="/Users/qwert/PhpstormProjects/bolirplate_lint_scss/react_empty_app_sass_boilerplate/app/containers/SimpleDND/reducer.js">
          <metrics statements="34" coveredstatements="34" conditionals="13" coveredconditionals="13" methods="2" coveredmethods="2"/>
          <line num="14" count="3" type="stmt"/>
          <line num="21" count="13" type="cond" truecount="10" falsecount="0"/>
          <line num="23" count="1" type="stmt"/>
          <line num="26" count="1" type="stmt"/>
          <line num="35" count="1" type="stmt"/>
          <line num="36" count="1" type="stmt"/>
          <line num="37" count="1" type="stmt"/>
          <line num="46" count="1" type="stmt"/>
          <line num="47" count="1" type="stmt"/>
          <line num="48" count="1" type="stmt"/>
          <line num="49" count="1" type="stmt"/>
          <line num="50" count="1" type="stmt"/>
          <line num="54" count="1" type="stmt"/>
          <line num="55" count="1" type="stmt"/>
          <line num="58" count="1" type="stmt"/>
          <line num="59" count="1" type="stmt"/>
          <line num="60" count="1" type="stmt"/>
          <line num="63" count="1" type="stmt"/>
          <line num="64" count="1" type="stmt"/>
          <line num="65" count="1" type="stmt"/>
          <line num="66" count="1" type="stmt"/>
          <line num="67" count="1" type="stmt"/>
          <line num="70" count="1" type="stmt"/>
          <line num="73" count="2" type="stmt"/>
          <line num="74" count="2" type="stmt"/>
          <line num="75" count="2" type="stmt"/>
          <line num="76" count="2" type="cond" truecount="2" falsecount="0"/>
          <line num="77" count="1" type="stmt"/>
          <line num="79" count="2" type="stmt"/>
          <line num="93" count="1" type="stmt"/>
          <line num="94" count="1" type="stmt"/>
          <line num="95" count="1" type="stmt"/>
          <line num="96" count="1" type="stmt"/>
          <line num="99" count="3" type="stmt"/>
        </file>
        <file name="selectors.js" path="/Users/qwert/PhpstormProjects/bolirplate_lint_scss/react_empty_app_sass_boilerplate/app/containers/SimpleDND/selectors.js">
          <metrics statements="3" coveredstatements="3" conditionals="0" coveredconditionals="0" methods="3" coveredmethods="3"/>
          <line num="3" count="3" type="stmt"/>
          <line num="5" count="3" type="stmt"/>
          <line num="7" count="1" type="stmt"/>
        </file>
      </package>
      <package name="app.containers.SimpleDND.components">
        <metrics statements="95" coveredstatements="41" conditionals="46" coveredconditionals="8" methods="24" coveredmethods="15"/>
        <file name="Card.js" path="/Users/qwert/PhpstormProjects/bolirplate_lint_scss/react_empty_app_sass_boilerplate/app/containers/SimpleDND/components/Card.js">
          <metrics statements="27" coveredstatements="8" conditionals="14" coveredconditionals="1" methods="5" coveredmethods="3"/>
          <line num="5" count="2" type="stmt"/>
          <line num="8" count="2" type="stmt"/>
          <line num="10" count="0" type="stmt"/>
          <line num="18" count="2" type="stmt"/>
          <line num="20" count="0" type="stmt"/>
          <line num="22" count="0" type="stmt"/>
          <line num="23" count="0" type="cond" truecount="0" falsecount="2"/>
          <line num="24" count="0" type="stmt"/>
          <line num="26" count="0" type="stmt"/>
          <line num="28" count="0" type="stmt"/>
          <line num="30" count="0" type="stmt"/>
          <line num="32" count="0" type="stmt"/>
          <line num="35" count="0" type="cond" truecount="0" falsecount="4"/>
          <line num="36" count="0" type="stmt"/>
          <line num="38" count="0" type="cond" truecount="0" falsecount="4"/>
          <line num="39" count="0" type="stmt"/>
          <line num="42" count="0" type="cond" truecount="0" falsecount="2"/>
          <line num="43" count="0" type="stmt"/>
          <line num="45" count="0" type="stmt"/>
          <line num="46" count="0" type="stmt"/>
          <line num="49" count="8" type="stmt"/>
          <line num="52" count="8" type="stmt"/>
          <line num="78" count="4" type="stmt"/>
          <line num="79" count="4" type="cond" truecount="1" falsecount="1"/>
          <line num="80" count="4" type="stmt"/>
          <line num="81" count="0" type="stmt"/>
          <line num="82" count="0" type="stmt"/>
        </file>
        <file name="Container.js" path="/Users/qwert/PhpstormProjects/bolirplate_lint_scss/react_empty_app_sass_boilerplate/app/containers/SimpleDND/components/Container.js">
          <metrics statements="35" coveredstatements="12" conditionals="18" coveredconditionals="2" methods="5" coveredmethods="5"/>
          <line num="7" count="2" type="stmt"/>
          <line num="10" count="2" type="stmt"/>
          <line num="12" count="0" type="stmt"/>
          <line num="19" count="2" type="stmt"/>
          <line num="21" count="0" type="stmt"/>
          <line num="22" count="0" type="cond" truecount="0" falsecount="2"/>
          <line num="23" count="0" type="stmt"/>
          <line num="24" count="0" type="cond" truecount="0" falsecount="2"/>
          <line num="25" count="0" type="stmt"/>
          <line num="27" count="0" type="stmt"/>
          <line num="29" count="0" type="stmt"/>
          <line num="31" count="0" type="stmt"/>
          <line num="33" count="0" type="stmt"/>
          <line num="35" count="0" type="cond" truecount="0" falsecount="4"/>
          <line num="36" count="0" type="stmt"/>
          <line num="38" count="0" type="cond" truecount="0" falsecount="4"/>
          <line num="39" count="0" type="stmt"/>
          <line num="41" count="0" type="stmt"/>
          <line num="43" count="0" type="stmt"/>
          <line num="45" count="0" type="cond" truecount="0" falsecount="2"/>
          <line num="46" count="0" type="stmt"/>
          <line num="48" count="0" type="stmt"/>
          <line num="49" count="0" type="stmt"/>
          <line num="50" count="0" type="stmt"/>
          <line num="51" count="0" type="stmt"/>
          <line num="57" count="8" type="stmt"/>
          <line num="64" count="8" type="stmt"/>
          <line num="96" count="4" type="stmt"/>
          <line num="98" count="4" type="cond" truecount="1" falsecount="1"/>
          <line num="99" count="4" type="stmt"/>
          <line num="100" count="4" type="cond" truecount="1" falsecount="1"/>
          <line num="101" count="0" type="stmt"/>
          <line num="104" count="4" type="stmt"/>
          <line num="108" count="1" type="stmt"/>
          <line num="111" count="4" type="stmt"/>
        </file>
        <file name="Delete.js" path="/Users/qwert/PhpstormProjects/bolirplate_lint_scss/react_empty_app_sass_boilerplate/app/containers/SimpleDND/components/Delete.js">
          <metrics statements="13" coveredstatements="8" conditionals="8" coveredconditionals="2" methods="2" coveredmethods="2"/>
          <line num="4" count="3" type="stmt"/>
          <line num="7" count="3" type="stmt"/>
          <line num="9" count="0" type="cond" truecount="0" falsecount="2"/>
          <line num="10" count="0" type="stmt"/>
          <line num="12" count="0" type="cond" truecount="0" falsecount="2"/>
          <line num="13" count="0" type="stmt"/>
          <line num="17" count="10" type="stmt"/>
          <line num="34" count="5" type="stmt"/>
          <line num="35" count="5" type="cond" truecount="1" falsecount="1"/>
          <line num="36" count="5" type="stmt"/>
          <line num="37" count="5" type="cond" truecount="1" falsecount="1"/>
          <line num="38" count="0" type="stmt"/>
          <line num="40" count="5" type="stmt"/>
        </file>
        <file name="FromExample.js" path="/Users/qwert/PhpstormProjects/bolirplate_lint_scss/react_empty_app_sass_boilerplate/app/containers/SimpleDND/components/FromExample.js">
          <metrics statements="11" coveredstatements="9" conditionals="6" coveredconditionals="3" methods="5" coveredmethods="3"/>
          <line num="12" count="4" type="stmt"/>
          <line num="14" count="4" type="stmt"/>
          <line num="16" count="4" type="stmt"/>
          <line num="22" count="8" type="stmt"/>
          <line num="23" count="8" type="cond" truecount="1" falsecount="1"/>
          <line num="24" count="8" type="cond" truecount="1" falsecount="1"/>
          <line num="25" count="8" type="cond" truecount="1" falsecount="1"/>
          <line num="26" count="8" type="stmt"/>
          <line num="30" count="0" type="stmt"/>
          <line num="33" count="0" type="stmt"/>
          <line num="37" count="4" type="stmt"/>
        </file>
        <file name="Modal.js" path="/Users/qwert/PhpstormProjects/bolirplate_lint_scss/react_empty_app_sass_boilerplate/app/containers/SimpleDND/components/Modal.js">
          <metrics statements="9" coveredstatements="4" conditionals="0" coveredconditionals="0" methods="7" coveredmethods="2"/>
          <line num="13" count="4" type="stmt"/>
          <line num="14" count="4" type="stmt"/>
          <line num="17" count="0" type="stmt"/>
          <line num="20" count="0" type="stmt"/>
          <line num="28" count="4" type="stmt"/>
          <line num="29" count="4" type="stmt"/>
          <line num="30" count="0" type="stmt"/>
          <line num="39" count="0" type="stmt"/>
          <line num="40" count="0" type="stmt"/>
        </file>
      </package>
      <package name="app.utils">
        <metrics statements="56" coveredstatements="56" conditionals="44" coveredconditionals="44" methods="21" coveredmethods="21"/>
        <file name="checkStore.js" path="/Users/qwert/PhpstormProjects/bolirplate_lint_scss/react_empty_app_sass_boilerplate/app/utils/checkStore.js">
          <metrics statements="2" coveredstatements="2" conditionals="0" coveredconditionals="0" methods="1" coveredmethods="1"/>
          <line num="10" count="13" type="stmt"/>
          <line num="19" count="13" type="stmt"/>
        </file>
        <file name="constants.js" path="/Users/qwert/PhpstormProjects/bolirplate_lint_scss/react_empty_app_sass_boilerplate/app/utils/constants.js">
          <metrics statements="3" coveredstatements="3" conditionals="0" coveredconditionals="0" methods="0" coveredmethods="0"/>
          <line num="1" count="2" type="stmt"/>
          <line num="2" count="2" type="stmt"/>
          <line num="3" count="2" type="stmt"/>
        </file>
        <file name="injectReducer.js" path="/Users/qwert/PhpstormProjects/bolirplate_lint_scss/react_empty_app_sass_boilerplate/app/utils/injectReducer.js">
          <metrics statements="5" coveredstatements="5" conditionals="3" coveredconditionals="3" methods="4" coveredmethods="4"/>
          <line num="14" count="6" type="stmt"/>
          <line num="23" count="2" type="stmt"/>
          <line num="25" count="2" type="stmt"/>
          <line num="31" count="2" type="stmt"/>
          <line num="35" count="6" type="stmt"/>
        </file>
        <file name="injectSaga.js" path="/Users/qwert/PhpstormProjects/bolirplate_lint_scss/react_empty_app_sass_boilerplate/app/utils/injectSaga.js">
          <metrics statements="7" coveredstatements="7" conditionals="3" coveredconditionals="3" methods="5" coveredmethods="5"/>
          <line num="18" count="5" type="stmt"/>
          <line num="27" count="3" type="stmt"/>
          <line num="29" count="3" type="stmt"/>
          <line num="33" count="1" type="stmt"/>
          <line num="35" count="1" type="stmt"/>
          <line num="41" count="3" type="stmt"/>
          <line num="45" count="5" type="stmt"/>
        </file>
        <file name="reducerInjectors.js" path="/Users/qwert/PhpstormProjects/bolirplate_lint_scss/react_empty_app_sass_boilerplate/app/utils/reducerInjectors.js">
          <metrics statements="8" coveredstatements="8" conditionals="9" coveredconditionals="9" methods="3" coveredmethods="3"/>
          <line num="10" count="8" type="stmt"/>
          <line num="11" count="10" type="cond" truecount="2" falsecount="0"/>
          <line num="13" count="9" type="stmt"/>
          <line num="19" count="6" type="cond" truecount="4" falsecount="0"/>
          <line num="21" count="5" type="stmt"/>
          <line num="22" count="5" type="stmt"/>
          <line num="27" count="2" type="stmt"/>
          <line num="29" count="1" type="stmt"/>
        </file>
        <file name="sagaInjectors.js" path="/Users/qwert/PhpstormProjects/bolirplate_lint_scss/react_empty_app_sass_boilerplate/app/utils/sagaInjectors.js">
          <metrics statements="31" coveredstatements="31" conditionals="29" coveredconditionals="29" methods="8" coveredmethods="8"/>
          <line num="14" count="2" type="stmt"/>
          <line num="16" count="36" type="stmt"/>
          <line num="21" count="2" type="stmt"/>
          <line num="22" count="24" type="stmt"/>
          <line num="24" count="24" type="cond" truecount="2" falsecount="0"/>
          <line num="26" count="24" type="stmt"/>
          <line num="33" count="21" type="cond" truecount="1" falsecount="0"/>
          <line num="34" count="27" type="cond" truecount="2" falsecount="0"/>
          <line num="36" count="26" type="cond" truecount="2" falsecount="0"/>
          <line num="37" count="26" type="stmt"/>
          <line num="39" count="26" type="stmt"/>
          <line num="40" count="24" type="stmt"/>
          <line num="42" count="20" type="stmt"/>
          <line num="44" count="20" type="cond" truecount="2" falsecount="0"/>
          <line num="45" count="16" type="stmt"/>
          <line num="47" count="16" type="cond" truecount="4" falsecount="0"/>
          <line num="48" count="1" type="stmt"/>
          <line num="49" count="1" type="stmt"/>
          <line num="53" count="20" type="cond" truecount="6" falsecount="0"/>
          <line num="54" count="15" type="stmt"/>
          <line num="60" count="21" type="stmt"/>
          <line num="61" count="11" type="cond" truecount="2" falsecount="0"/>
          <line num="63" count="10" type="stmt"/>
          <line num="65" count="8" type="cond" truecount="2" falsecount="0"/>
          <line num="66" count="7" type="stmt"/>
          <line num="67" count="7" type="cond" truecount="2" falsecount="0"/>
          <line num="68" count="4" type="stmt"/>
          <line num="70" count="4" type="cond" truecount="2" falsecount="0"/>
          <line num="72" count="2" type="stmt"/>
          <line num="80" count="2" type="stmt"/>
          <line num="82" count="1" type="stmt"/>
        </file>
      </package>
    </metrics>
  </project>
</coverage>
