{"/Users/qwert/PhpstormProjects/bolirplate_lint_scss/react_empty_app_sass_boilerplate/app/configureStore.js": {"path":"/Users/qwert/PhpstormProjects/bolirplate_lint_scss/react_empty_app_sass_boilerplate/app/configureStore.js","statementMap":{"0":{"start":{"line":11,"column":23},"end":{"line":11,"column":45}},"1":{"start":{"line":17,"column":22},"end":{"line":20,"column":3}},"2":{"start":{"line":22,"column":20},"end":{"line":24,"column":3}},"3":{"start":{"line":29,"column":4},"end":{"line":37,"column":15}},"4":{"start":{"line":40,"column":16},"end":{"line":44,"column":3}},"5":{"start":{"line":47,"column":2},"end":{"line":47,"column":37}},"6":{"start":{"line":48,"column":2},"end":{"line":48,"column":30}},"7":{"start":{"line":49,"column":2},"end":{"line":49,"column":27}},"8":{"start":{"line":59,"column":2},"end":{"line":59,"column":15}}},"fnMap":{"0":{"name":"configureStore","decl":{"start":{"line":13,"column":24},"end":{"line":13,"column":38}},"loc":{"start":{"line":13,"column":67},"end":{"line":60,"column":1}},"line":13}},"branchMap":{"0":{"loc":{"start":{"line":13,"column":39},"end":{"line":13,"column":56}},"type":"default-arg","locations":[{"start":{"line":13,"column":54},"end":{"line":13,"column":56}}],"line":13},"1":{"loc":{"start":{"line":29,"column":4},"end":{"line":37,"column":15}},"type":"cond-expr","locations":[{"start":{"line":32,"column":8},"end":{"line":36,"column":8}},{"start":{"line":37,"column":8},"end":{"line":37,"column":15}}],"line":29},"2":{"loc":{"start":{"line":29,"column":4},"end":{"line":31,"column":47}},"type":"binary-expr","locations":[{"start":{"line":29,"column":4},"end":{"line":29,"column":41}},{"start":{"line":30,"column":4},"end":{"line":30,"column":30}},{"start":{"line":31,"column":4},"end":{"line":31,"column":47}}],"line":29}},"s":{"0":6,"1":39,"2":39,"3":39,"4":39,"5":39,"6":39,"7":39,"8":39},"f":{"0":39},"b":{"0":[1],"1":[1,38],"2":[39,39,39]},"_coverageSchema":"332fd63041d2c1bcb487cc26dd0d5f7d97098a6c","hash":"11d75460f649b9b26eb31b9c86783b43a0c71cda"}
,"/Users/qwert/PhpstormProjects/bolirplate_lint_scss/react_empty_app_sass_boilerplate/app/i18n.js": {"path":"/Users/qwert/PhpstormProjects/bolirplate_lint_scss/react_empty_app_sass_boilerplate/app/i18n.js","statementMap":{"0":{"start":{"line":13,"column":26},"end":{"line":15,"column":1}},"1":{"start":{"line":17,"column":0},"end":{"line":17,"column":28}},"2":{"start":{"line":19,"column":41},"end":{"line":30,"column":1}},"3":{"start":{"line":20,"column":35},"end":{"line":22,"column":8}},"4":{"start":{"line":23,"column":2},"end":{"line":29,"column":9}},"5":{"start":{"line":24,"column":18},"end":{"line":24,"column":31}},"6":{"start":{"line":25,"column":4},"end":{"line":27,"column":5}},"7":{"start":{"line":26,"column":6},"end":{"line":26,"column":46}},"8":{"start":{"line":28,"column":4},"end":{"line":28,"column":64}},"9":{"start":{"line":32,"column":35},"end":{"line":34,"column":1}}},"fnMap":{"0":{"name":"(anonymous_0)","decl":{"start":{"line":19,"column":41},"end":{"line":19,"column":42}},"loc":{"start":{"line":19,"column":63},"end":{"line":30,"column":1}},"line":19},"1":{"name":"(anonymous_1)","decl":{"start":{"line":23,"column":38},"end":{"line":23,"column":39}},"loc":{"start":{"line":23,"column":66},"end":{"line":29,"column":3}},"line":23}},"branchMap":{"0":{"loc":{"start":{"line":20,"column":35},"end":{"line":22,"column":8}},"type":"cond-expr","locations":[{"start":{"line":21,"column":6},"end":{"line":21,"column":70}},{"start":{"line":22,"column":6},"end":{"line":22,"column":8}}],"line":20},"1":{"loc":{"start":{"line":25,"column":4},"end":{"line":27,"column":5}},"type":"if","locations":[{"start":{"line":25,"column":4},"end":{"line":27,"column":5}},{"start":{"line":25,"column":4},"end":{"line":27,"column":5}}],"line":25},"2":{"loc":{"start":{"line":25,"column":8},"end":{"line":25,"column":45}},"type":"binary-expr","locations":[{"start":{"line":25,"column":8},"end":{"line":25,"column":16}},{"start":{"line":25,"column":20},"end":{"line":25,"column":45}}],"line":25}},"s":{"0":2,"1":2,"2":2,"3":5,"4":5,"5":7,"6":7,"7":1,"8":7,"9":2},"f":{"0":5,"1":7},"b":{"0":[1,4],"1":[1,6],"2":[7,1]},"_coverageSchema":"332fd63041d2c1bcb487cc26dd0d5f7d97098a6c","hash":"fd895b4e17cf5d39594dbaab1c5200b4c69cd25d"}
,"/Users/qwert/PhpstormProjects/bolirplate_lint_scss/react_empty_app_sass_boilerplate/app/reducers.js": {"path":"/Users/qwert/PhpstormProjects/bolirplate_lint_scss/react_empty_app_sass_boilerplate/app/reducers.js","statementMap":{"0":{"start":{"line":20,"column":26},"end":{"line":22,"column":2}},"1":{"start":{"line":28,"column":2},"end":{"line":36,"column":3}},"2":{"start":{"line":35,"column":6},"end":{"line":35,"column":19}},"3":{"start":{"line":43,"column":2},"end":{"line":47,"column":5}}},"fnMap":{"0":{"name":"routeReducer","decl":{"start":{"line":27,"column":9},"end":{"line":27,"column":21}},"loc":{"start":{"line":27,"column":57},"end":{"line":37,"column":1}},"line":27},"1":{"name":"createReducer","decl":{"start":{"line":42,"column":24},"end":{"line":42,"column":37}},"loc":{"start":{"line":42,"column":56},"end":{"line":48,"column":1}},"line":42}},"branchMap":{"0":{"loc":{"start":{"line":27,"column":22},"end":{"line":27,"column":47}},"type":"default-arg","locations":[{"start":{"line":27,"column":30},"end":{"line":27,"column":47}}],"line":27},"1":{"loc":{"start":{"line":28,"column":2},"end":{"line":36,"column":3}},"type":"switch","locations":[{"start":{"line":34,"column":4},"end":{"line":35,"column":19}}],"line":28}},"s":{"0":8,"1":49,"2":49,"3":44},"f":{"0":49,"1":44},"b":{"0":[39],"1":[49]},"_coverageSchema":"332fd63041d2c1bcb487cc26dd0d5f7d97098a6c","hash":"1b35bac593d4bd6c081ab561e9bffa58f82a902a"}
,"/Users/qwert/PhpstormProjects/bolirplate_lint_scss/react_empty_app_sass_boilerplate/app/containers/App/constants.js": {"path":"/Users/qwert/PhpstormProjects/bolirplate_lint_scss/react_empty_app_sass_boilerplate/app/containers/App/constants.js","statementMap":{"0":{"start":{"line":12,"column":30},"end":{"line":12,"column":34}}},"fnMap":{},"branchMap":{},"s":{"0":10},"f":{},"b":{},"_coverageSchema":"332fd63041d2c1bcb487cc26dd0d5f7d97098a6c","hash":"0afb8511678cd9a896425bd5ca201e8360a52c47"}
,"/Users/qwert/PhpstormProjects/bolirplate_lint_scss/react_empty_app_sass_boilerplate/app/containers/App/index.js": {"path":"/Users/qwert/PhpstormProjects/bolirplate_lint_scss/react_empty_app_sass_boilerplate/app/containers/App/index.js","statementMap":{"0":{"start":{"line":22,"column":2},"end":{"line":30,"column":4}}},"fnMap":{"0":{"name":"App","decl":{"start":{"line":21,"column":24},"end":{"line":21,"column":27}},"loc":{"start":{"line":21,"column":30},"end":{"line":31,"column":1}},"line":21}},"branchMap":{},"s":{"0":1},"f":{"0":1},"b":{},"_coverageSchema":"332fd63041d2c1bcb487cc26dd0d5f7d97098a6c","hash":"f8368d091549d4c676880f0988c2520360d08e4b"}
,"/Users/qwert/PhpstormProjects/bolirplate_lint_scss/react_empty_app_sass_boilerplate/app/containers/App/selectors.js": {"path":"/Users/qwert/PhpstormProjects/bolirplate_lint_scss/react_empty_app_sass_boilerplate/app/containers/App/selectors.js","statementMap":{"0":{"start":{"line":3,"column":20},"end":{"line":3,"column":49}},"1":{"start":{"line":3,"column":31},"end":{"line":3,"column":49}},"2":{"start":{"line":5,"column":27},"end":{"line":8,"column":1}},"3":{"start":{"line":5,"column":33},"end":{"line":8,"column":1}},"4":{"start":{"line":7,"column":18},"end":{"line":7,"column":51}}},"fnMap":{"0":{"name":"(anonymous_0)","decl":{"start":{"line":3,"column":20},"end":{"line":3,"column":21}},"loc":{"start":{"line":3,"column":31},"end":{"line":3,"column":49}},"line":3},"1":{"name":"(anonymous_1)","decl":{"start":{"line":5,"column":27},"end":{"line":5,"column":28}},"loc":{"start":{"line":5,"column":33},"end":{"line":8,"column":1}},"line":5},"2":{"name":"(anonymous_2)","decl":{"start":{"line":7,"column":2},"end":{"line":7,"column":3}},"loc":{"start":{"line":7,"column":18},"end":{"line":7,"column":51}},"line":7}},"branchMap":{},"s":{"0":1,"1":1,"2":1,"3":1,"4":1},"f":{"0":1,"1":1,"2":1},"b":{},"_coverageSchema":"332fd63041d2c1bcb487cc26dd0d5f7d97098a6c","hash":"27ef34892f47d8efc635090b33c1639c10258ffb"}
,"/Users/qwert/PhpstormProjects/bolirplate_lint_scss/react_empty_app_sass_boilerplate/app/containers/HomePage/index.js": {"path":"/Users/qwert/PhpstormProjects/bolirplate_lint_scss/react_empty_app_sass_boilerplate/app/containers/HomePage/index.js","statementMap":{"0":{"start":{"line":18,"column":4},"end":{"line":22,"column":6}}},"fnMap":{"0":{"name":"(anonymous_0)","decl":{"start":{"line":17,"column":2},"end":{"line":17,"column":3}},"loc":{"start":{"line":17,"column":11},"end":{"line":23,"column":3}},"line":17}},"branchMap":{},"s":{"0":1},"f":{"0":1},"b":{},"_coverageSchema":"332fd63041d2c1bcb487cc26dd0d5f7d97098a6c","hash":"e1c37f6fbde416e00dffffe1611751df414ffa69"}
,"/Users/qwert/PhpstormProjects/bolirplate_lint_scss/react_empty_app_sass_boilerplate/app/containers/HomePage/messages.js": {"path":"/Users/qwert/PhpstormProjects/bolirplate_lint_scss/react_empty_app_sass_boilerplate/app/containers/HomePage/messages.js","statementMap":{},"fnMap":{},"branchMap":{},"s":{},"f":{},"b":{},"_coverageSchema":"332fd63041d2c1bcb487cc26dd0d5f7d97098a6c","hash":"9feeaff62336f5658ab8f763cfe2bae878adb2a9"}
,"/Users/qwert/PhpstormProjects/bolirplate_lint_scss/react_empty_app_sass_boilerplate/app/containers/LanguageProvider/actions.js": {"path":"/Users/qwert/PhpstormProjects/bolirplate_lint_scss/react_empty_app_sass_boilerplate/app/containers/LanguageProvider/actions.js","statementMap":{"0":{"start":{"line":12,"column":2},"end":{"line":15,"column":4}}},"fnMap":{"0":{"name":"changeLocale","decl":{"start":{"line":11,"column":16},"end":{"line":11,"column":28}},"loc":{"start":{"line":11,"column":45},"end":{"line":16,"column":1}},"line":11}},"branchMap":{},"s":{"0":1},"f":{"0":1},"b":{},"_coverageSchema":"332fd63041d2c1bcb487cc26dd0d5f7d97098a6c","hash":"825e7b6738059d32f21529dbd372ae76141e877e"}
,"/Users/qwert/PhpstormProjects/bolirplate_lint_scss/react_empty_app_sass_boilerplate/app/containers/LanguageProvider/constants.js": {"path":"/Users/qwert/PhpstormProjects/bolirplate_lint_scss/react_empty_app_sass_boilerplate/app/containers/LanguageProvider/constants.js","statementMap":{"0":{"start":{"line":7,"column":29},"end":{"line":7,"column":63}},"1":{"start":{"line":8,"column":30},"end":{"line":8,"column":34}}},"fnMap":{},"branchMap":{},"s":{"0":10,"1":10},"f":{},"b":{},"_coverageSchema":"332fd63041d2c1bcb487cc26dd0d5f7d97098a6c","hash":"31449df97a155968b525ea106167cc5a1c360746"}
,"/Users/qwert/PhpstormProjects/bolirplate_lint_scss/react_empty_app_sass_boilerplate/app/containers/LanguageProvider/index.js": {"path":"/Users/qwert/PhpstormProjects/bolirplate_lint_scss/react_empty_app_sass_boilerplate/app/containers/LanguageProvider/index.js","statementMap":{"0":{"start":{"line":19,"column":4},"end":{"line":23,"column":6}},"1":{"start":{"line":27,"column":0},"end":{"line":31,"column":2}},"2":{"start":{"line":34,"column":24},"end":{"line":37,"column":1}},"3":{"start":{"line":36,"column":15},"end":{"line":36,"column":25}},"4":{"start":{"line":40,"column":2},"end":{"line":42,"column":4}}},"fnMap":{"0":{"name":"(anonymous_0)","decl":{"start":{"line":18,"column":2},"end":{"line":18,"column":3}},"loc":{"start":{"line":18,"column":11},"end":{"line":24,"column":3}},"line":18},"1":{"name":"(anonymous_1)","decl":{"start":{"line":36,"column":2},"end":{"line":36,"column":3}},"loc":{"start":{"line":36,"column":15},"end":{"line":36,"column":25}},"line":36},"2":{"name":"mapDispatchToProps","decl":{"start":{"line":39,"column":9},"end":{"line":39,"column":27}},"loc":{"start":{"line":39,"column":38},"end":{"line":43,"column":1}},"line":39}},"branchMap":{},"s":{"0":2,"1":1,"2":1,"3":1,"4":1},"f":{"0":2,"1":1,"2":1},"b":{},"_coverageSchema":"332fd63041d2c1bcb487cc26dd0d5f7d97098a6c","hash":"2902afe068462ba425ce3372f454dd08a2740916"}
,"/Users/qwert/PhpstormProjects/bolirplate_lint_scss/react_empty_app_sass_boilerplate/app/containers/LanguageProvider/reducer.js": {"path":"/Users/qwert/PhpstormProjects/bolirplate_lint_scss/react_empty_app_sass_boilerplate/app/containers/LanguageProvider/reducer.js","statementMap":{"0":{"start":{"line":16,"column":21},"end":{"line":18,"column":2}},"1":{"start":{"line":21,"column":2},"end":{"line":27,"column":3}},"2":{"start":{"line":23,"column":6},"end":{"line":24,"column":38}},"3":{"start":{"line":26,"column":6},"end":{"line":26,"column":19}}},"fnMap":{"0":{"name":"languageProviderReducer","decl":{"start":{"line":20,"column":9},"end":{"line":20,"column":32}},"loc":{"start":{"line":20,"column":63},"end":{"line":28,"column":1}},"line":20}},"branchMap":{"0":{"loc":{"start":{"line":20,"column":33},"end":{"line":20,"column":53}},"type":"default-arg","locations":[{"start":{"line":20,"column":41},"end":{"line":20,"column":53}}],"line":20},"1":{"loc":{"start":{"line":21,"column":2},"end":{"line":27,"column":3}},"type":"switch","locations":[{"start":{"line":22,"column":4},"end":{"line":24,"column":38}},{"start":{"line":25,"column":4},"end":{"line":26,"column":19}}],"line":21}},"s":{"0":9,"1":51,"2":1,"3":50},"f":{"0":51},"b":{"0":[41],"1":[1,50]},"_coverageSchema":"332fd63041d2c1bcb487cc26dd0d5f7d97098a6c","hash":"85201bbb53fe817ad556bf3c2ad4297eb564dc2c"}
,"/Users/qwert/PhpstormProjects/bolirplate_lint_scss/react_empty_app_sass_boilerplate/app/containers/LanguageProvider/selectors.js": {"path":"/Users/qwert/PhpstormProjects/bolirplate_lint_scss/react_empty_app_sass_boilerplate/app/containers/LanguageProvider/selectors.js","statementMap":{"0":{"start":{"line":6,"column":23},"end":{"line":6,"column":55}},"1":{"start":{"line":6,"column":34},"end":{"line":6,"column":55}},"2":{"start":{"line":12,"column":25},"end":{"line":15,"column":1}},"3":{"start":{"line":12,"column":31},"end":{"line":15,"column":1}},"4":{"start":{"line":14,"column":21},"end":{"line":14,"column":48}}},"fnMap":{"0":{"name":"(anonymous_0)","decl":{"start":{"line":6,"column":23},"end":{"line":6,"column":24}},"loc":{"start":{"line":6,"column":34},"end":{"line":6,"column":55}},"line":6},"1":{"name":"(anonymous_1)","decl":{"start":{"line":12,"column":25},"end":{"line":12,"column":26}},"loc":{"start":{"line":12,"column":31},"end":{"line":15,"column":1}},"line":12},"2":{"name":"(anonymous_2)","decl":{"start":{"line":14,"column":2},"end":{"line":14,"column":3}},"loc":{"start":{"line":14,"column":21},"end":{"line":14,"column":48}},"line":14}},"branchMap":{},"s":{"0":2,"1":2,"2":2,"3":1,"4":1},"f":{"0":2,"1":1,"2":1},"b":{},"_coverageSchema":"332fd63041d2c1bcb487cc26dd0d5f7d97098a6c","hash":"ea5cbb9a6209669199a9c280090c113129e6cb3b"}
,"/Users/qwert/PhpstormProjects/bolirplate_lint_scss/react_empty_app_sass_boilerplate/app/containers/NotFoundPage/index.js": {"path":"/Users/qwert/PhpstormProjects/bolirplate_lint_scss/react_empty_app_sass_boilerplate/app/containers/NotFoundPage/index.js","statementMap":{"0":{"start":{"line":19,"column":4},"end":{"line":23,"column":6}}},"fnMap":{"0":{"name":"(anonymous_0)","decl":{"start":{"line":18,"column":2},"end":{"line":18,"column":3}},"loc":{"start":{"line":18,"column":11},"end":{"line":24,"column":3}},"line":18}},"branchMap":{},"s":{"0":1},"f":{"0":1},"b":{},"_coverageSchema":"332fd63041d2c1bcb487cc26dd0d5f7d97098a6c","hash":"80f50130d7cd03fd4c5cdf117f851169cc6c2a32"}
,"/Users/qwert/PhpstormProjects/bolirplate_lint_scss/react_empty_app_sass_boilerplate/app/containers/NotFoundPage/messages.js": {"path":"/Users/qwert/PhpstormProjects/bolirplate_lint_scss/react_empty_app_sass_boilerplate/app/containers/NotFoundPage/messages.js","statementMap":{},"fnMap":{},"branchMap":{},"s":{},"f":{},"b":{},"_coverageSchema":"332fd63041d2c1bcb487cc26dd0d5f7d97098a6c","hash":"f57dbf6c80a18d2cb4a452533a366bc0b1871d81"}
,"/Users/qwert/PhpstormProjects/bolirplate_lint_scss/react_empty_app_sass_boilerplate/app/containers/SimpleDND/actions.js": {"path":"/Users/qwert/PhpstormProjects/bolirplate_lint_scss/react_empty_app_sass_boilerplate/app/containers/SimpleDND/actions.js","statementMap":{"0":{"start":{"line":19,"column":2},"end":{"line":22,"column":4}},"1":{"start":{"line":25,"column":2},"end":{"line":28,"column":4}},"2":{"start":{"line":31,"column":2},"end":{"line":34,"column":4}},"3":{"start":{"line":37,"column":2},"end":{"line":40,"column":4}},"4":{"start":{"line":44,"column":2},"end":{"line":47,"column":4}},"5":{"start":{"line":50,"column":2},"end":{"line":52,"column":4}},"6":{"start":{"line":55,"column":2},"end":{"line":58,"column":4}},"7":{"start":{"line":61,"column":2},"end":{"line":64,"column":4}}},"fnMap":{"0":{"name":"moveBorders","decl":{"start":{"line":18,"column":16},"end":{"line":18,"column":27}},"loc":{"start":{"line":18,"column":51},"end":{"line":23,"column":1}},"line":18},"1":{"name":"moveCardsInsideDesk","decl":{"start":{"line":24,"column":16},"end":{"line":24,"column":35}},"loc":{"start":{"line":24,"column":70},"end":{"line":29,"column":1}},"line":24},"2":{"name":"moveCardsOutSideDesk","decl":{"start":{"line":30,"column":16},"end":{"line":30,"column":36}},"loc":{"start":{"line":30,"column":78},"end":{"line":35,"column":1}},"line":30},"3":{"name":"deleteDesk","decl":{"start":{"line":36,"column":16},"end":{"line":36,"column":26}},"loc":{"start":{"line":36,"column":38},"end":{"line":41,"column":1}},"line":36},"4":{"name":"deleteCard","decl":{"start":{"line":43,"column":16},"end":{"line":43,"column":26}},"loc":{"start":{"line":43,"column":49},"end":{"line":48,"column":1}},"line":43},"5":{"name":"addDesk","decl":{"start":{"line":49,"column":16},"end":{"line":49,"column":23}},"loc":{"start":{"line":49,"column":26},"end":{"line":53,"column":1}},"line":49},"6":{"name":"addCard","decl":{"start":{"line":54,"column":16},"end":{"line":54,"column":23}},"loc":{"start":{"line":54,"column":35},"end":{"line":59,"column":1}},"line":54},"7":{"name":"changeCardText","decl":{"start":{"line":60,"column":16},"end":{"line":60,"column":30}},"loc":{"start":{"line":60,"column":42},"end":{"line":65,"column":1}},"line":60}},"branchMap":{},"s":{"0":2,"1":2,"2":2,"3":2,"4":2,"5":3,"6":3,"7":2},"f":{"0":2,"1":2,"2":2,"3":2,"4":2,"5":3,"6":3,"7":2},"b":{},"_coverageSchema":"332fd63041d2c1bcb487cc26dd0d5f7d97098a6c","hash":"e142a6015fed2632ac8482294fc701ed929b95f4"}
,"/Users/qwert/PhpstormProjects/bolirplate_lint_scss/react_empty_app_sass_boilerplate/app/containers/SimpleDND/constants.js": {"path":"/Users/qwert/PhpstormProjects/bolirplate_lint_scss/react_empty_app_sass_boilerplate/app/containers/SimpleDND/constants.js","statementMap":{"0":{"start":{"line":1,"column":28},"end":{"line":1,"column":42}},"1":{"start":{"line":2,"column":28},"end":{"line":2,"column":42}},"2":{"start":{"line":3,"column":38},"end":{"line":3,"column":62}},"3":{"start":{"line":4,"column":39},"end":{"line":4,"column":64}},"4":{"start":{"line":5,"column":27},"end":{"line":5,"column":40}},"5":{"start":{"line":6,"column":27},"end":{"line":6,"column":40}},"6":{"start":{"line":7,"column":24},"end":{"line":7,"column":34}},"7":{"start":{"line":8,"column":24},"end":{"line":8,"column":34}},"8":{"start":{"line":9,"column":32},"end":{"line":9,"column":50}}},"fnMap":{},"branchMap":{},"s":{"0":4,"1":4,"2":4,"3":4,"4":4,"5":4,"6":4,"7":4,"8":4},"f":{},"b":{},"_coverageSchema":"332fd63041d2c1bcb487cc26dd0d5f7d97098a6c","hash":"3e18e46a5533d774ca2c427e1f0d9e01c060f6ff"}
,"/Users/qwert/PhpstormProjects/bolirplate_lint_scss/react_empty_app_sass_boilerplate/app/containers/SimpleDND/index.js": {"path":"/Users/qwert/PhpstormProjects/bolirplate_lint_scss/react_empty_app_sass_boilerplate/app/containers/SimpleDND/index.js","statementMap":{"0":{"start":{"line":55,"column":4},"end":{"line":55,"column":17}},"1":{"start":{"line":56,"column":4},"end":{"line":56,"column":53}},"2":{"start":{"line":59,"column":4},"end":{"line":67,"column":7}},"3":{"start":{"line":66,"column":6},"end":{"line":66,"column":41}},"4":{"start":{"line":70,"column":4},"end":{"line":70,"column":33}},"5":{"start":{"line":73,"column":4},"end":{"line":73,"column":40}},"6":{"start":{"line":76,"column":4},"end":{"line":76,"column":25}},"7":{"start":{"line":79,"column":4},"end":{"line":79,"column":34}},"8":{"start":{"line":82,"column":4},"end":{"line":82,"column":26}},"9":{"start":{"line":83,"column":4},"end":{"line":83,"column":41}},"10":{"start":{"line":88,"column":8},"end":{"line":88,"column":18}},"11":{"start":{"line":89,"column":4},"end":{"line":121,"column":6}},"12":{"start":{"line":101,"column":14},"end":{"line":112,"column":16}},"13":{"start":{"line":125,"column":2},"end":{"line":134,"column":15}},"14":{"start":{"line":136,"column":24},"end":{"line":138,"column":2}},"15":{"start":{"line":139,"column":20},"end":{"line":139,"column":64}},"16":{"start":{"line":140,"column":20},"end":{"line":140,"column":61}}},"fnMap":{"0":{"name":"(anonymous_0)","decl":{"start":{"line":54,"column":2},"end":{"line":54,"column":3}},"loc":{"start":{"line":54,"column":21},"end":{"line":57,"column":3}},"line":54},"1":{"name":"(anonymous_1)","decl":{"start":{"line":58,"column":13},"end":{"line":58,"column":14}},"loc":{"start":{"line":58,"column":41},"end":{"line":68,"column":3}},"line":58},"2":{"name":"(anonymous_2)","decl":{"start":{"line":65,"column":7},"end":{"line":65,"column":8}},"loc":{"start":{"line":65,"column":13},"end":{"line":67,"column":5}},"line":65},"3":{"name":"(anonymous_3)","decl":{"start":{"line":69,"column":17},"end":{"line":69,"column":18}},"loc":{"start":{"line":69,"column":23},"end":{"line":71,"column":3}},"line":69},"4":{"name":"(anonymous_4)","decl":{"start":{"line":72,"column":14},"end":{"line":72,"column":15}},"loc":{"start":{"line":72,"column":20},"end":{"line":74,"column":3}},"line":72},"5":{"name":"(anonymous_5)","decl":{"start":{"line":75,"column":15},"end":{"line":75,"column":16}},"loc":{"start":{"line":75,"column":21},"end":{"line":77,"column":3}},"line":75},"6":{"name":"(anonymous_6)","decl":{"start":{"line":78,"column":14},"end":{"line":78,"column":15}},"loc":{"start":{"line":78,"column":29},"end":{"line":80,"column":3}},"line":78},"7":{"name":"(anonymous_7)","decl":{"start":{"line":81,"column":18},"end":{"line":81,"column":19}},"loc":{"start":{"line":81,"column":39},"end":{"line":84,"column":3}},"line":81},"8":{"name":"(anonymous_8)","decl":{"start":{"line":85,"column":2},"end":{"line":85,"column":3}},"loc":{"start":{"line":85,"column":11},"end":{"line":122,"column":3}},"line":85},"9":{"name":"(anonymous_9)","decl":{"start":{"line":100,"column":24},"end":{"line":100,"column":25}},"loc":{"start":{"line":101,"column":14},"end":{"line":112,"column":16}},"line":101},"10":{"name":"mapDispatchToProps","decl":{"start":{"line":124,"column":16},"end":{"line":124,"column":34}},"loc":{"start":{"line":124,"column":45},"end":{"line":135,"column":1}},"line":124}},"branchMap":{},"s":{"0":4,"1":4,"2":0,"3":0,"4":0,"5":0,"6":1,"7":1,"8":0,"9":0,"10":4,"11":4,"12":4,"13":0,"14":2,"15":2,"16":2},"f":{"0":4,"1":0,"2":0,"3":0,"4":0,"5":1,"6":1,"7":0,"8":4,"9":4,"10":0},"b":{},"_coverageSchema":"332fd63041d2c1bcb487cc26dd0d5f7d97098a6c","hash":"e7b73b3b5013b9a4bc97a94a9065a4caad8f665d"}
,"/Users/qwert/PhpstormProjects/bolirplate_lint_scss/react_empty_app_sass_boilerplate/app/containers/SimpleDND/reducer.js": {"path":"/Users/qwert/PhpstormProjects/bolirplate_lint_scss/react_empty_app_sass_boilerplate/app/containers/SimpleDND/reducer.js","statementMap":{"0":{"start":{"line":14,"column":21},"end":{"line":18,"column":2}},"1":{"start":{"line":21,"column":2},"end":{"line":100,"column":3}},"2":{"start":{"line":23,"column":6},"end":{"line":23,"column":26}},"3":{"start":{"line":26,"column":6},"end":{"line":28,"column":105}},"4":{"start":{"line":35,"column":12},"end":{"line":35,"column":24}},"5":{"start":{"line":36,"column":20},"end":{"line":36,"column":38}},"6":{"start":{"line":37,"column":6},"end":{"line":40,"column":73}},"7":{"start":{"line":46,"column":10},"end":{"line":46,"column":22}},"8":{"start":{"line":47,"column":20},"end":{"line":47,"column":38}},"9":{"start":{"line":48,"column":24},"end":{"line":48,"column":46}},"10":{"start":{"line":49,"column":25},"end":{"line":49,"column":64}},"11":{"start":{"line":50,"column":6},"end":{"line":53,"column":9}},"12":{"start":{"line":54,"column":30},"end":{"line":54,"column":72}},"13":{"start":{"line":55,"column":6},"end":{"line":55,"column":150}},"14":{"start":{"line":58,"column":24},"end":{"line":58,"column":46}},"15":{"start":{"line":59,"column":20},"end":{"line":59,"column":38}},"16":{"start":{"line":60,"column":6},"end":{"line":60,"column":57}},"17":{"start":{"line":63,"column":24},"end":{"line":63,"column":46}},"18":{"start":{"line":64,"column":24},"end":{"line":64,"column":46}},"19":{"start":{"line":65,"column":20},"end":{"line":65,"column":38}},"20":{"start":{"line":66,"column":26},"end":{"line":66,"column":64}},"21":{"start":{"line":67,"column":6},"end":{"line":67,"column":60}},"22":{"start":{"line":70,"column":6},"end":{"line":70,"column":78}},"23":{"start":{"line":73,"column":24},"end":{"line":73,"column":46}},"24":{"start":{"line":74,"column":28},"end":{"line":74,"column":61}},"25":{"start":{"line":75,"column":25},"end":{"line":75,"column":85}},"26":{"start":{"line":75,"column":65},"end":{"line":75,"column":79}},"27":{"start":{"line":76,"column":6},"end":{"line":78,"column":7}},"28":{"start":{"line":77,"column":8},"end":{"line":77,"column":25}},"29":{"start":{"line":79,"column":6},"end":{"line":90,"column":8}},"30":{"start":{"line":93,"column":24},"end":{"line":93,"column":56}},"31":{"start":{"line":94,"column":20},"end":{"line":94,"column":48}},"32":{"start":{"line":95,"column":19},"end":{"line":95,"column":46}},"33":{"start":{"line":96,"column":6},"end":{"line":96,"column":68}},"34":{"start":{"line":99,"column":6},"end":{"line":99,"column":19}}},"fnMap":{"0":{"name":"SimpleDNDReducer","decl":{"start":{"line":20,"column":9},"end":{"line":20,"column":25}},"loc":{"start":{"line":20,"column":56},"end":{"line":101,"column":1}},"line":20},"1":{"name":"(anonymous_1)","decl":{"start":{"line":75,"column":55},"end":{"line":75,"column":56}},"loc":{"start":{"line":75,"column":65},"end":{"line":75,"column":79}},"line":75}},"branchMap":{"0":{"loc":{"start":{"line":20,"column":26},"end":{"line":20,"column":46}},"type":"default-arg","locations":[{"start":{"line":20,"column":34},"end":{"line":20,"column":46}}],"line":20},"1":{"loc":{"start":{"line":21,"column":2},"end":{"line":100,"column":3}},"type":"switch","locations":[{"start":{"line":22,"column":4},"end":{"line":23,"column":26}},{"start":{"line":25,"column":4},"end":{"line":29,"column":5}},{"start":{"line":30,"column":4},"end":{"line":41,"column":5}},{"start":{"line":42,"column":4},"end":{"line":56,"column":5}},{"start":{"line":57,"column":4},"end":{"line":61,"column":5}},{"start":{"line":62,"column":4},"end":{"line":68,"column":5}},{"start":{"line":69,"column":4},"end":{"line":71,"column":5}},{"start":{"line":72,"column":4},"end":{"line":91,"column":5}},{"start":{"line":92,"column":4},"end":{"line":97,"column":5}},{"start":{"line":98,"column":4},"end":{"line":99,"column":19}}],"line":21},"2":{"loc":{"start":{"line":76,"column":6},"end":{"line":78,"column":7}},"type":"if","locations":[{"start":{"line":76,"column":6},"end":{"line":78,"column":7}},{"start":{"line":76,"column":6},"end":{"line":78,"column":7}}],"line":76}},"s":{"0":3,"1":13,"2":1,"3":1,"4":1,"5":1,"6":1,"7":1,"8":1,"9":1,"10":1,"11":1,"12":1,"13":1,"14":1,"15":1,"16":1,"17":1,"18":1,"19":1,"20":1,"21":1,"22":1,"23":2,"24":2,"25":2,"26":2,"27":2,"28":1,"29":2,"30":1,"31":1,"32":1,"33":1,"34":3},"f":{"0":13,"1":2},"b":{"0":[4],"1":[1,1,1,1,1,1,1,2,1,3],"2":[1,1]},"_coverageSchema":"332fd63041d2c1bcb487cc26dd0d5f7d97098a6c","hash":"470eb70dbabee71ccb7787fee1e15b74315d3baa"}
,"/Users/qwert/PhpstormProjects/bolirplate_lint_scss/react_empty_app_sass_boilerplate/app/containers/SimpleDND/selectors.js": {"path":"/Users/qwert/PhpstormProjects/bolirplate_lint_scss/react_empty_app_sass_boilerplate/app/containers/SimpleDND/selectors.js","statementMap":{"0":{"start":{"line":3,"column":21},"end":{"line":3,"column":51}},"1":{"start":{"line":3,"column":32},"end":{"line":3,"column":51}},"2":{"start":{"line":5,"column":27},"end":{"line":8,"column":1}},"3":{"start":{"line":5,"column":33},"end":{"line":8,"column":1}},"4":{"start":{"line":7,"column":19},"end":{"line":7,"column":43}}},"fnMap":{"0":{"name":"(anonymous_0)","decl":{"start":{"line":3,"column":21},"end":{"line":3,"column":22}},"loc":{"start":{"line":3,"column":32},"end":{"line":3,"column":51}},"line":3},"1":{"name":"(anonymous_1)","decl":{"start":{"line":5,"column":27},"end":{"line":5,"column":28}},"loc":{"start":{"line":5,"column":33},"end":{"line":8,"column":1}},"line":5},"2":{"name":"(anonymous_2)","decl":{"start":{"line":7,"column":2},"end":{"line":7,"column":3}},"loc":{"start":{"line":7,"column":19},"end":{"line":7,"column":43}},"line":7}},"branchMap":{},"s":{"0":3,"1":2,"2":3,"3":3,"4":1},"f":{"0":2,"1":3,"2":1},"b":{},"_coverageSchema":"332fd63041d2c1bcb487cc26dd0d5f7d97098a6c","hash":"048384e23ed5d3c5c7d8c4bc4eb9fb222dee4e03"}
,"/Users/qwert/PhpstormProjects/bolirplate_lint_scss/react_empty_app_sass_boilerplate/app/containers/SimpleDND/components/Card.js": {"path":"/Users/qwert/PhpstormProjects/bolirplate_lint_scss/react_empty_app_sass_boilerplate/app/containers/SimpleDND/components/Card.js","statementMap":{"0":{"start":{"line":5,"column":18},"end":{"line":5,"column":34}},"1":{"start":{"line":8,"column":19},"end":{"line":17,"column":1}},"2":{"start":{"line":10,"column":4},"end":{"line":15,"column":6}},"3":{"start":{"line":18,"column":19},"end":{"line":48,"column":1}},"4":{"start":{"line":20,"column":22},"end":{"line":20,"column":45}},"5":{"start":{"line":22,"column":23},"end":{"line":22,"column":34}},"6":{"start":{"line":23,"column":4},"end":{"line":25,"column":5}},"7":{"start":{"line":24,"column":6},"end":{"line":24,"column":13}},"8":{"start":{"line":26,"column":30},"end":{"line":26,"column":76}},"9":{"start":{"line":28,"column":25},"end":{"line":28,"column":79}},"10":{"start":{"line":30,"column":25},"end":{"line":30,"column":50}},"11":{"start":{"line":32,"column":25},"end":{"line":32,"column":63}},"12":{"start":{"line":35,"column":4},"end":{"line":37,"column":5}},"13":{"start":{"line":36,"column":6},"end":{"line":36,"column":13}},"14":{"start":{"line":38,"column":4},"end":{"line":40,"column":5}},"15":{"start":{"line":39,"column":6},"end":{"line":39,"column":13}},"16":{"start":{"line":42,"column":4},"end":{"line":44,"column":5}},"17":{"start":{"line":43,"column":6},"end":{"line":43,"column":13}},"18":{"start":{"line":45,"column":4},"end":{"line":45,"column":70}},"19":{"start":{"line":46,"column":4},"end":{"line":46,"column":41}},"20":{"start":{"line":78,"column":8},"end":{"line":78,"column":18}},"21":{"start":{"line":79,"column":20},"end":{"line":79,"column":38}},"22":{"start":{"line":80,"column":4},"end":{"line":89,"column":6}},"23":{"start":{"line":81,"column":55},"end":{"line":81,"column":89}},"24":{"start":{"line":82,"column":55},"end":{"line":82,"column":71}},"25":{"start":{"line":49,"column":54},"end":{"line":51,"column":1}},"26":{"start":{"line":52,"column":63},"end":{"line":56,"column":1}}},"fnMap":{"0":{"name":"(anonymous_0)","decl":{"start":{"line":68,"column":2},"end":{"line":68,"column":3}},"loc":{"start":{"line":68,"column":11},"end":{"line":90,"column":3}},"line":68},"1":{"name":"(anonymous_1)","decl":{"start":{"line":81,"column":47},"end":{"line":81,"column":48}},"loc":{"start":{"line":81,"column":53},"end":{"line":81,"column":91}},"line":81},"2":{"name":"(anonymous_2)","decl":{"start":{"line":82,"column":47},"end":{"line":82,"column":48}},"loc":{"start":{"line":82,"column":53},"end":{"line":82,"column":73}},"line":82},"3":{"name":"(anonymous_3)","decl":{"start":{"line":49,"column":40},"end":{"line":49,"column":41}},"loc":{"start":{"line":49,"column":54},"end":{"line":51,"column":1}},"line":49},"4":{"name":"(anonymous_4)","decl":{"start":{"line":52,"column":40},"end":{"line":52,"column":41}},"loc":{"start":{"line":52,"column":63},"end":{"line":56,"column":1}},"line":52}},"branchMap":{"0":{"loc":{"start":{"line":23,"column":4},"end":{"line":25,"column":5}},"type":"if","locations":[{"start":{"line":23,"column":4},"end":{"line":25,"column":5}},{"start":{"line":23,"column":4},"end":{"line":25,"column":5}}],"line":23},"1":{"loc":{"start":{"line":35,"column":4},"end":{"line":37,"column":5}},"type":"if","locations":[{"start":{"line":35,"column":4},"end":{"line":37,"column":5}},{"start":{"line":35,"column":4},"end":{"line":37,"column":5}}],"line":35},"2":{"loc":{"start":{"line":35,"column":8},"end":{"line":35,"column":61}},"type":"binary-expr","locations":[{"start":{"line":35,"column":8},"end":{"line":35,"column":30}},{"start":{"line":35,"column":34},"end":{"line":35,"column":61}}],"line":35},"3":{"loc":{"start":{"line":38,"column":4},"end":{"line":40,"column":5}},"type":"if","locations":[{"start":{"line":38,"column":4},"end":{"line":40,"column":5}},{"start":{"line":38,"column":4},"end":{"line":40,"column":5}}],"line":38},"4":{"loc":{"start":{"line":38,"column":8},"end":{"line":38,"column":61}},"type":"binary-expr","locations":[{"start":{"line":38,"column":8},"end":{"line":38,"column":30}},{"start":{"line":38,"column":34},"end":{"line":38,"column":61}}],"line":38},"5":{"loc":{"start":{"line":42,"column":4},"end":{"line":44,"column":5}},"type":"if","locations":[{"start":{"line":42,"column":4},"end":{"line":44,"column":5}},{"start":{"line":42,"column":4},"end":{"line":44,"column":5}}],"line":42},"6":{"loc":{"start":{"line":79,"column":20},"end":{"line":79,"column":38}},"type":"cond-expr","locations":[{"start":{"line":79,"column":33},"end":{"line":79,"column":34}},{"start":{"line":79,"column":37},"end":{"line":79,"column":38}}],"line":79}},"s":{"0":2,"1":2,"2":0,"3":2,"4":0,"5":0,"6":0,"7":0,"8":0,"9":0,"10":0,"11":0,"12":0,"13":0,"14":0,"15":0,"16":0,"17":0,"18":0,"19":0,"20":4,"21":4,"22":4,"23":0,"24":0,"25":8,"26":8},"f":{"0":4,"1":0,"2":0,"3":8,"4":8},"b":{"0":[0,0],"1":[0,0],"2":[0,0],"3":[0,0],"4":[0,0],"5":[0,0],"6":[0,4]},"_coverageSchema":"332fd63041d2c1bcb487cc26dd0d5f7d97098a6c","hash":"158e900c923278bd77aedb80e94c1867369fc40d"}
,"/Users/qwert/PhpstormProjects/bolirplate_lint_scss/react_empty_app_sass_boilerplate/app/containers/SimpleDND/components/Container.js": {"path":"/Users/qwert/PhpstormProjects/bolirplate_lint_scss/react_empty_app_sass_boilerplate/app/containers/SimpleDND/components/Container.js","statementMap":{"0":{"start":{"line":7,"column":18},"end":{"line":7,"column":48}},"1":{"start":{"line":10,"column":19},"end":{"line":18,"column":1}},"2":{"start":{"line":12,"column":4},"end":{"line":16,"column":6}},"3":{"start":{"line":19,"column":19},"end":{"line":54,"column":1}},"4":{"start":{"line":21,"column":20},"end":{"line":21,"column":43}},"5":{"start":{"line":22,"column":4},"end":{"line":52,"column":5}},"6":{"start":{"line":23,"column":25},"end":{"line":23,"column":36}},"7":{"start":{"line":24,"column":6},"end":{"line":26,"column":7}},"8":{"start":{"line":25,"column":8},"end":{"line":25,"column":15}},"9":{"start":{"line":27,"column":32},"end":{"line":27,"column":78}},"10":{"start":{"line":29,"column":27},"end":{"line":29,"column":81}},"11":{"start":{"line":31,"column":27},"end":{"line":31,"column":52}},"12":{"start":{"line":33,"column":27},"end":{"line":33,"column":66}},"13":{"start":{"line":35,"column":6},"end":{"line":37,"column":7}},"14":{"start":{"line":36,"column":8},"end":{"line":36,"column":15}},"15":{"start":{"line":38,"column":6},"end":{"line":40,"column":7}},"16":{"start":{"line":39,"column":8},"end":{"line":39,"column":15}},"17":{"start":{"line":41,"column":6},"end":{"line":41,"column":47}},"18":{"start":{"line":43,"column":6},"end":{"line":43,"column":43}},"19":{"start":{"line":45,"column":6},"end":{"line":47,"column":7}},"20":{"start":{"line":46,"column":8},"end":{"line":46,"column":15}},"21":{"start":{"line":48,"column":28},"end":{"line":48,"column":55}},"22":{"start":{"line":49,"column":28},"end":{"line":49,"column":39}},"23":{"start":{"line":50,"column":6},"end":{"line":50,"column":42}},"24":{"start":{"line":51,"column":6},"end":{"line":51,"column":74}},"25":{"start":{"line":96,"column":10},"end":{"line":96,"column":20}},"26":{"start":{"line":98,"column":21},"end":{"line":98,"column":38}},"27":{"start":{"line":99,"column":26},"end":{"line":99,"column":28}},"28":{"start":{"line":100,"column":4},"end":{"line":102,"column":5}},"29":{"start":{"line":101,"column":6},"end":{"line":101,"column":36}},"30":{"start":{"line":104,"column":4},"end":{"line":126,"column":6}},"31":{"start":{"line":108,"column":37},"end":{"line":108,"column":59}},"32":{"start":{"line":111,"column":16},"end":{"line":120,"column":18}},"33":{"start":{"line":57,"column":81},"end":{"line":63,"column":1}},"34":{"start":{"line":64,"column":63},"end":{"line":68,"column":1}}},"fnMap":{"0":{"name":"(anonymous_0)","decl":{"start":{"line":84,"column":2},"end":{"line":84,"column":3}},"loc":{"start":{"line":84,"column":11},"end":{"line":127,"column":3}},"line":84},"1":{"name":"(anonymous_1)","decl":{"start":{"line":108,"column":29},"end":{"line":108,"column":30}},"loc":{"start":{"line":108,"column":35},"end":{"line":108,"column":61}},"line":108},"2":{"name":"(anonymous_2)","decl":{"start":{"line":110,"column":25},"end":{"line":110,"column":26}},"loc":{"start":{"line":111,"column":16},"end":{"line":120,"column":18}},"line":111},"3":{"name":"(anonymous_3)","decl":{"start":{"line":57,"column":58},"end":{"line":57,"column":59}},"loc":{"start":{"line":57,"column":81},"end":{"line":63,"column":1}},"line":57},"4":{"name":"(anonymous_4)","decl":{"start":{"line":64,"column":40},"end":{"line":64,"column":41}},"loc":{"start":{"line":64,"column":63},"end":{"line":68,"column":1}},"line":64}},"branchMap":{"0":{"loc":{"start":{"line":22,"column":4},"end":{"line":52,"column":5}},"type":"if","locations":[{"start":{"line":22,"column":4},"end":{"line":52,"column":5}},{"start":{"line":22,"column":4},"end":{"line":52,"column":5}}],"line":22},"1":{"loc":{"start":{"line":24,"column":6},"end":{"line":26,"column":7}},"type":"if","locations":[{"start":{"line":24,"column":6},"end":{"line":26,"column":7}},{"start":{"line":24,"column":6},"end":{"line":26,"column":7}}],"line":24},"2":{"loc":{"start":{"line":35,"column":6},"end":{"line":37,"column":7}},"type":"if","locations":[{"start":{"line":35,"column":6},"end":{"line":37,"column":7}},{"start":{"line":35,"column":6},"end":{"line":37,"column":7}}],"line":35},"3":{"loc":{"start":{"line":35,"column":10},"end":{"line":35,"column":63}},"type":"binary-expr","locations":[{"start":{"line":35,"column":10},"end":{"line":35,"column":32}},{"start":{"line":35,"column":36},"end":{"line":35,"column":63}}],"line":35},"4":{"loc":{"start":{"line":38,"column":6},"end":{"line":40,"column":7}},"type":"if","locations":[{"start":{"line":38,"column":6},"end":{"line":40,"column":7}},{"start":{"line":38,"column":6},"end":{"line":40,"column":7}}],"line":38},"5":{"loc":{"start":{"line":38,"column":10},"end":{"line":38,"column":63}},"type":"binary-expr","locations":[{"start":{"line":38,"column":10},"end":{"line":38,"column":32}},{"start":{"line":38,"column":36},"end":{"line":38,"column":63}}],"line":38},"6":{"loc":{"start":{"line":45,"column":6},"end":{"line":47,"column":7}},"type":"if","locations":[{"start":{"line":45,"column":6},"end":{"line":47,"column":7}},{"start":{"line":45,"column":6},"end":{"line":47,"column":7}}],"line":45},"7":{"loc":{"start":{"line":98,"column":21},"end":{"line":98,"column":38}},"type":"binary-expr","locations":[{"start":{"line":98,"column":21},"end":{"line":98,"column":28}},{"start":{"line":98,"column":32},"end":{"line":98,"column":38}}],"line":98},"8":{"loc":{"start":{"line":100,"column":4},"end":{"line":102,"column":5}},"type":"if","locations":[{"start":{"line":100,"column":4},"end":{"line":102,"column":5}},{"start":{"line":100,"column":4},"end":{"line":102,"column":5}}],"line":100}},"s":{"0":2,"1":2,"2":0,"3":2,"4":0,"5":0,"6":0,"7":0,"8":0,"9":0,"10":0,"11":0,"12":0,"13":0,"14":0,"15":0,"16":0,"17":0,"18":0,"19":0,"20":0,"21":0,"22":0,"23":0,"24":0,"25":4,"26":4,"27":4,"28":4,"29":0,"30":4,"31":1,"32":4,"33":8,"34":8},"f":{"0":4,"1":1,"2":4,"3":8,"4":8},"b":{"0":[0,0],"1":[0,0],"2":[0,0],"3":[0,0],"4":[0,0],"5":[0,0],"6":[0,0],"7":[4,0],"8":[0,4]},"_coverageSchema":"332fd63041d2c1bcb487cc26dd0d5f7d97098a6c","hash":"2a179ba005df0e7a1b4b0b01bbde69e6084e758a"}
,"/Users/qwert/PhpstormProjects/bolirplate_lint_scss/react_empty_app_sass_boilerplate/app/containers/SimpleDND/components/Delete.js": {"path":"/Users/qwert/PhpstormProjects/bolirplate_lint_scss/react_empty_app_sass_boilerplate/app/containers/SimpleDND/components/Delete.js","statementMap":{"0":{"start":{"line":4,"column":18},"end":{"line":4,"column":66}},"1":{"start":{"line":7,"column":20},"end":{"line":16,"column":1}},"2":{"start":{"line":9,"column":4},"end":{"line":11,"column":5}},"3":{"start":{"line":10,"column":6},"end":{"line":10,"column":77}},"4":{"start":{"line":12,"column":4},"end":{"line":14,"column":5}},"5":{"start":{"line":13,"column":6},"end":{"line":13,"column":48}},"6":{"start":{"line":34,"column":8},"end":{"line":34,"column":18}},"7":{"start":{"line":35,"column":21},"end":{"line":35,"column":38}},"8":{"start":{"line":36,"column":26},"end":{"line":36,"column":28}},"9":{"start":{"line":37,"column":4},"end":{"line":39,"column":5}},"10":{"start":{"line":38,"column":6},"end":{"line":38,"column":30}},"11":{"start":{"line":40,"column":4},"end":{"line":46,"column":6}},"12":{"start":{"line":17,"column":82},"end":{"line":21,"column":1}}},"fnMap":{"0":{"name":"(anonymous_0)","decl":{"start":{"line":29,"column":2},"end":{"line":29,"column":3}},"loc":{"start":{"line":29,"column":11},"end":{"line":47,"column":3}},"line":29},"1":{"name":"(anonymous_1)","decl":{"start":{"line":17,"column":59},"end":{"line":17,"column":60}},"loc":{"start":{"line":17,"column":82},"end":{"line":21,"column":1}},"line":17}},"branchMap":{"0":{"loc":{"start":{"line":9,"column":4},"end":{"line":11,"column":5}},"type":"if","locations":[{"start":{"line":9,"column":4},"end":{"line":11,"column":5}},{"start":{"line":9,"column":4},"end":{"line":11,"column":5}}],"line":9},"1":{"loc":{"start":{"line":12,"column":4},"end":{"line":14,"column":5}},"type":"if","locations":[{"start":{"line":12,"column":4},"end":{"line":14,"column":5}},{"start":{"line":12,"column":4},"end":{"line":14,"column":5}}],"line":12},"2":{"loc":{"start":{"line":35,"column":21},"end":{"line":35,"column":38}},"type":"binary-expr","locations":[{"start":{"line":35,"column":21},"end":{"line":35,"column":28}},{"start":{"line":35,"column":32},"end":{"line":35,"column":38}}],"line":35},"3":{"loc":{"start":{"line":37,"column":4},"end":{"line":39,"column":5}},"type":"if","locations":[{"start":{"line":37,"column":4},"end":{"line":39,"column":5}},{"start":{"line":37,"column":4},"end":{"line":39,"column":5}}],"line":37}},"s":{"0":3,"1":3,"2":0,"3":0,"4":0,"5":0,"6":5,"7":5,"8":5,"9":5,"10":0,"11":5,"12":10},"f":{"0":5,"1":10},"b":{"0":[0,0],"1":[0,0],"2":[5,0],"3":[0,5]},"_coverageSchema":"332fd63041d2c1bcb487cc26dd0d5f7d97098a6c","hash":"53f5caef0904d4f5165b148a5c94e96f3ca5a12c"}
,"/Users/qwert/PhpstormProjects/bolirplate_lint_scss/react_empty_app_sass_boilerplate/app/containers/SimpleDND/components/FromExample.js": {"path":"/Users/qwert/PhpstormProjects/bolirplate_lint_scss/react_empty_app_sass_boilerplate/app/containers/SimpleDND/components/FromExample.js","statementMap":{"0":{"start":{"line":12,"column":4},"end":{"line":12,"column":26}},"1":{"start":{"line":14,"column":4},"end":{"line":14,"column":53}},"2":{"start":{"line":16,"column":4},"end":{"line":18,"column":6}},"3":{"start":{"line":22,"column":19},"end":{"line":22,"column":42}},"4":{"start":{"line":23,"column":4},"end":{"line":25,"column":40}},"5":{"start":{"line":23,"column":25},"end":{"line":23,"column":42}},"6":{"start":{"line":24,"column":9},"end":{"line":25,"column":40}},"7":{"start":{"line":24,"column":25},"end":{"line":24,"column":42}},"8":{"start":{"line":25,"column":9},"end":{"line":25,"column":40}},"9":{"start":{"line":25,"column":25},"end":{"line":25,"column":40}},"10":{"start":{"line":26,"column":4},"end":{"line":26,"column":16}},"11":{"start":{"line":30,"column":4},"end":{"line":30,"column":45}},"12":{"start":{"line":33,"column":4},"end":{"line":33,"column":28}},"13":{"start":{"line":37,"column":4},"end":{"line":72,"column":6}}},"fnMap":{"0":{"name":"(anonymous_0)","decl":{"start":{"line":11,"column":2},"end":{"line":11,"column":3}},"loc":{"start":{"line":11,"column":30},"end":{"line":19,"column":3}},"line":11},"1":{"name":"(anonymous_1)","decl":{"start":{"line":21,"column":2},"end":{"line":21,"column":3}},"loc":{"start":{"line":21,"column":29},"end":{"line":27,"column":3}},"line":21},"2":{"name":"(anonymous_2)","decl":{"start":{"line":29,"column":2},"end":{"line":29,"column":3}},"loc":{"start":{"line":29,"column":18},"end":{"line":31,"column":3}},"line":29},"3":{"name":"(anonymous_3)","decl":{"start":{"line":32,"column":23},"end":{"line":32,"column":24}},"loc":{"start":{"line":32,"column":29},"end":{"line":34,"column":3}},"line":32},"4":{"name":"(anonymous_4)","decl":{"start":{"line":36,"column":2},"end":{"line":36,"column":3}},"loc":{"start":{"line":36,"column":11},"end":{"line":73,"column":3}},"line":36}},"branchMap":{"0":{"loc":{"start":{"line":23,"column":4},"end":{"line":25,"column":40}},"type":"if","locations":[{"start":{"line":23,"column":4},"end":{"line":25,"column":40}},{"start":{"line":23,"column":4},"end":{"line":25,"column":40}}],"line":23},"1":{"loc":{"start":{"line":24,"column":9},"end":{"line":25,"column":40}},"type":"if","locations":[{"start":{"line":24,"column":9},"end":{"line":25,"column":40}},{"start":{"line":24,"column":9},"end":{"line":25,"column":40}}],"line":24},"2":{"loc":{"start":{"line":25,"column":9},"end":{"line":25,"column":40}},"type":"if","locations":[{"start":{"line":25,"column":9},"end":{"line":25,"column":40}},{"start":{"line":25,"column":9},"end":{"line":25,"column":40}}],"line":25}},"s":{"0":4,"1":4,"2":4,"3":8,"4":8,"5":0,"6":8,"7":0,"8":8,"9":0,"10":8,"11":0,"12":0,"13":4},"f":{"0":4,"1":8,"2":0,"3":0,"4":4},"b":{"0":[0,8],"1":[0,8],"2":[0,8]},"_coverageSchema":"332fd63041d2c1bcb487cc26dd0d5f7d97098a6c","hash":"fcc2e7afd8447780f896804b343da8f19bfc2413"}
,"/Users/qwert/PhpstormProjects/bolirplate_lint_scss/react_empty_app_sass_boilerplate/app/containers/SimpleDND/components/Modal.js": {"path":"/Users/qwert/PhpstormProjects/bolirplate_lint_scss/react_empty_app_sass_boilerplate/app/containers/SimpleDND/components/Modal.js","statementMap":{"0":{"start":{"line":13,"column":4},"end":{"line":13,"column":17}},"1":{"start":{"line":14,"column":4},"end":{"line":14,"column":30}},"2":{"start":{"line":17,"column":4},"end":{"line":17,"column":54}},"3":{"start":{"line":20,"column":4},"end":{"line":20,"column":48}},"4":{"start":{"line":28,"column":8},"end":{"line":28,"column":18}},"5":{"start":{"line":29,"column":4},"end":{"line":43,"column":6}},"6":{"start":{"line":30,"column":46},"end":{"line":30,"column":59}},"7":{"start":{"line":39,"column":35},"end":{"line":39,"column":78}},"8":{"start":{"line":39,"column":79},"end":{"line":39,"column":92}},"9":{"start":{"line":40,"column":35},"end":{"line":40,"column":48}}},"fnMap":{"0":{"name":"(anonymous_0)","decl":{"start":{"line":12,"column":2},"end":{"line":12,"column":3}},"loc":{"start":{"line":12,"column":21},"end":{"line":15,"column":3}},"line":12},"1":{"name":"(anonymous_1)","decl":{"start":{"line":16,"column":2},"end":{"line":16,"column":3}},"loc":{"start":{"line":16,"column":39},"end":{"line":18,"column":3}},"line":16},"2":{"name":"(anonymous_2)","decl":{"start":{"line":19,"column":14},"end":{"line":19,"column":15}},"loc":{"start":{"line":19,"column":25},"end":{"line":21,"column":3}},"line":19},"3":{"name":"(anonymous_3)","decl":{"start":{"line":22,"column":2},"end":{"line":22,"column":3}},"loc":{"start":{"line":22,"column":11},"end":{"line":44,"column":3}},"line":22},"4":{"name":"(anonymous_4)","decl":{"start":{"line":30,"column":38},"end":{"line":30,"column":39}},"loc":{"start":{"line":30,"column":44},"end":{"line":30,"column":61}},"line":30},"5":{"name":"(anonymous_5)","decl":{"start":{"line":39,"column":27},"end":{"line":39,"column":28}},"loc":{"start":{"line":39,"column":33},"end":{"line":39,"column":94}},"line":39},"6":{"name":"(anonymous_6)","decl":{"start":{"line":40,"column":27},"end":{"line":40,"column":28}},"loc":{"start":{"line":40,"column":33},"end":{"line":40,"column":50}},"line":40}},"branchMap":{},"s":{"0":4,"1":4,"2":0,"3":0,"4":4,"5":4,"6":0,"7":0,"8":0,"9":0},"f":{"0":4,"1":0,"2":0,"3":4,"4":0,"5":0,"6":0},"b":{},"_coverageSchema":"332fd63041d2c1bcb487cc26dd0d5f7d97098a6c","hash":"fbc21b8c296d13b588adcd0aa31c55f45f062ece"}
,"/Users/qwert/PhpstormProjects/bolirplate_lint_scss/react_empty_app_sass_boilerplate/app/utils/checkStore.js": {"path":"/Users/qwert/PhpstormProjects/bolirplate_lint_scss/react_empty_app_sass_boilerplate/app/utils/checkStore.js","statementMap":{"0":{"start":{"line":10,"column":16},"end":{"line":18,"column":3}},"1":{"start":{"line":19,"column":2},"end":{"line":22,"column":4}}},"fnMap":{"0":{"name":"checkStore","decl":{"start":{"line":9,"column":24},"end":{"line":9,"column":34}},"loc":{"start":{"line":9,"column":42},"end":{"line":23,"column":1}},"line":9}},"branchMap":{},"s":{"0":13,"1":13},"f":{"0":13},"b":{},"_coverageSchema":"332fd63041d2c1bcb487cc26dd0d5f7d97098a6c","hash":"8d3910adff1a41580469ff3a380efad17bd97cce"}
,"/Users/qwert/PhpstormProjects/bolirplate_lint_scss/react_empty_app_sass_boilerplate/app/utils/constants.js": {"path":"/Users/qwert/PhpstormProjects/bolirplate_lint_scss/react_empty_app_sass_boilerplate/app/utils/constants.js","statementMap":{"0":{"start":{"line":1,"column":34},"end":{"line":1,"column":70}},"1":{"start":{"line":2,"column":22},"end":{"line":2,"column":46}},"2":{"start":{"line":3,"column":33},"end":{"line":3,"column":68}}},"fnMap":{},"branchMap":{},"s":{"0":2,"1":2,"2":2},"f":{},"b":{},"_coverageSchema":"332fd63041d2c1bcb487cc26dd0d5f7d97098a6c","hash":"9973e194ee3e8e1ad13072e4b2c989f8a03c5feb"}
,"/Users/qwert/PhpstormProjects/bolirplate_lint_scss/react_empty_app_sass_boilerplate/app/utils/injectReducer.js": {"path":"/Users/qwert/PhpstormProjects/bolirplate_lint_scss/react_empty_app_sass_boilerplate/app/utils/injectReducer.js","statementMap":{"0":{"start":{"line":14,"column":37},"end":{"line":36,"column":1}},"1":{"start":{"line":23,"column":32},"end":{"line":23,"column":46}},"2":{"start":{"line":25,"column":6},"end":{"line":25,"column":34}},"3":{"start":{"line":31,"column":6},"end":{"line":31,"column":50}},"4":{"start":{"line":35,"column":2},"end":{"line":35,"column":65}}},"fnMap":{"0":{"name":"(anonymous_0)","decl":{"start":{"line":14,"column":15},"end":{"line":14,"column":16}},"loc":{"start":{"line":14,"column":37},"end":{"line":36,"column":1}},"line":14},"1":{"name":"(anonymous_1)","decl":{"start":{"line":14,"column":37},"end":{"line":14,"column":38}},"loc":{"start":{"line":14,"column":59},"end":{"line":36,"column":1}},"line":14},"2":{"name":"(anonymous_2)","decl":{"start":{"line":22,"column":4},"end":{"line":22,"column":5}},"loc":{"start":{"line":22,"column":25},"end":{"line":26,"column":5}},"line":22},"3":{"name":"(anonymous_3)","decl":{"start":{"line":30,"column":4},"end":{"line":30,"column":5}},"loc":{"start":{"line":30,"column":13},"end":{"line":32,"column":5}},"line":30}},"branchMap":{"0":{"loc":{"start":{"line":20,"column":41},"end":{"line":20,"column":109}},"type":"binary-expr","locations":[{"start":{"line":20,"column":41},"end":{"line":20,"column":69}},{"start":{"line":20,"column":73},"end":{"line":20,"column":94}},{"start":{"line":20,"column":98},"end":{"line":20,"column":109}}],"line":20}},"s":{"0":6,"1":2,"2":2,"3":2,"4":6},"f":{"0":6,"1":6,"2":2,"3":2},"b":{"0":[6,4,1]},"_coverageSchema":"332fd63041d2c1bcb487cc26dd0d5f7d97098a6c","hash":"d61d3cc4bf6057833cfda96e7f7aab2eb703d23d"}
,"/Users/qwert/PhpstormProjects/bolirplate_lint_scss/react_empty_app_sass_boilerplate/app/utils/injectSaga.js": {"path":"/Users/qwert/PhpstormProjects/bolirplate_lint_scss/react_empty_app_sass_boilerplate/app/utils/injectSaga.js","statementMap":{"0":{"start":{"line":18,"column":40},"end":{"line":46,"column":1}},"1":{"start":{"line":27,"column":29},"end":{"line":27,"column":43}},"2":{"start":{"line":29,"column":6},"end":{"line":29,"column":50}},"3":{"start":{"line":33,"column":28},"end":{"line":33,"column":42}},"4":{"start":{"line":35,"column":6},"end":{"line":35,"column":21}},"5":{"start":{"line":41,"column":6},"end":{"line":41,"column":50}},"6":{"start":{"line":45,"column":2},"end":{"line":45,"column":60}}},"fnMap":{"0":{"name":"(anonymous_0)","decl":{"start":{"line":18,"column":15},"end":{"line":18,"column":16}},"loc":{"start":{"line":18,"column":40},"end":{"line":46,"column":1}},"line":18},"1":{"name":"(anonymous_1)","decl":{"start":{"line":18,"column":40},"end":{"line":18,"column":41}},"loc":{"start":{"line":18,"column":62},"end":{"line":46,"column":1}},"line":18},"2":{"name":"(anonymous_2)","decl":{"start":{"line":26,"column":4},"end":{"line":26,"column":5}},"loc":{"start":{"line":26,"column":25},"end":{"line":30,"column":5}},"line":26},"3":{"name":"(anonymous_3)","decl":{"start":{"line":32,"column":4},"end":{"line":32,"column":5}},"loc":{"start":{"line":32,"column":27},"end":{"line":36,"column":5}},"line":32},"4":{"name":"(anonymous_4)","decl":{"start":{"line":40,"column":4},"end":{"line":40,"column":5}},"loc":{"start":{"line":40,"column":13},"end":{"line":42,"column":5}},"line":40}},"branchMap":{"0":{"loc":{"start":{"line":24,"column":38},"end":{"line":24,"column":106}},"type":"binary-expr","locations":[{"start":{"line":24,"column":38},"end":{"line":24,"column":66}},{"start":{"line":24,"column":70},"end":{"line":24,"column":91}},{"start":{"line":24,"column":95},"end":{"line":24,"column":106}}],"line":24}},"s":{"0":5,"1":3,"2":3,"3":1,"4":1,"5":3,"6":5},"f":{"0":5,"1":5,"2":3,"3":1,"4":3},"b":{"0":[5,5,1]},"_coverageSchema":"332fd63041d2c1bcb487cc26dd0d5f7d97098a6c","hash":"37a5eac21a2ad6a54a2ea68f05afb4856b1e01e7"}
,"/Users/qwert/PhpstormProjects/bolirplate_lint_scss/react_empty_app_sass_boilerplate/app/utils/reducerInjectors.js": {"path":"/Users/qwert/PhpstormProjects/bolirplate_lint_scss/react_empty_app_sass_boilerplate/app/utils/reducerInjectors.js","statementMap":{"0":{"start":{"line":10,"column":2},"end":{"line":23,"column":4}},"1":{"start":{"line":11,"column":4},"end":{"line":11,"column":36}},"2":{"start":{"line":11,"column":18},"end":{"line":11,"column":36}},"3":{"start":{"line":13,"column":4},"end":{"line":16,"column":6}},"4":{"start":{"line":19,"column":4},"end":{"line":19,"column":100}},"5":{"start":{"line":19,"column":93},"end":{"line":19,"column":100}},"6":{"start":{"line":21,"column":4},"end":{"line":21,"column":42}},"7":{"start":{"line":22,"column":4},"end":{"line":22,"column":64}},"8":{"start":{"line":27,"column":2},"end":{"line":27,"column":20}},"9":{"start":{"line":29,"column":2},"end":{"line":31,"column":4}}},"fnMap":{"0":{"name":"injectReducerFactory","decl":{"start":{"line":9,"column":16},"end":{"line":9,"column":36}},"loc":{"start":{"line":9,"column":53},"end":{"line":24,"column":1}},"line":9},"1":{"name":"injectReducer","decl":{"start":{"line":10,"column":18},"end":{"line":10,"column":31}},"loc":{"start":{"line":10,"column":46},"end":{"line":23,"column":3}},"line":10},"2":{"name":"getInjectors","decl":{"start":{"line":26,"column":24},"end":{"line":26,"column":36}},"loc":{"start":{"line":26,"column":44},"end":{"line":32,"column":1}},"line":26}},"branchMap":{"0":{"loc":{"start":{"line":11,"column":4},"end":{"line":11,"column":36}},"type":"if","locations":[{"start":{"line":11,"column":4},"end":{"line":11,"column":36}},{"start":{"line":11,"column":4},"end":{"line":11,"column":36}}],"line":11},"1":{"loc":{"start":{"line":14,"column":6},"end":{"line":14,"column":59}},"type":"binary-expr","locations":[{"start":{"line":14,"column":6},"end":{"line":14,"column":19}},{"start":{"line":14,"column":23},"end":{"line":14,"column":36}},{"start":{"line":14,"column":40},"end":{"line":14,"column":59}}],"line":14},"2":{"loc":{"start":{"line":19,"column":4},"end":{"line":19,"column":100}},"type":"if","locations":[{"start":{"line":19,"column":4},"end":{"line":19,"column":100}},{"start":{"line":19,"column":4},"end":{"line":19,"column":100}}],"line":19},"3":{"loc":{"start":{"line":19,"column":8},"end":{"line":19,"column":91}},"type":"binary-expr","locations":[{"start":{"line":19,"column":8},"end":{"line":19,"column":48}},{"start":{"line":19,"column":52},"end":{"line":19,"column":91}}],"line":19}},"s":{"0":8,"1":10,"2":1,"3":9,"4":6,"5":1,"6":5,"7":5,"8":2,"9":1},"f":{"0":8,"1":10,"2":2},"b":{"0":[1,9],"1":[9,7,6],"2":[1,5],"3":[6,2]},"_coverageSchema":"332fd63041d2c1bcb487cc26dd0d5f7d97098a6c","hash":"a169e9376352c360d2b0697266e4b450c776f722"}
,"/Users/qwert/PhpstormProjects/bolirplate_lint_scss/react_empty_app_sass_boilerplate/app/utils/sagaInjectors.js": {"path":"/Users/qwert/PhpstormProjects/bolirplate_lint_scss/react_empty_app_sass_boilerplate/app/utils/sagaInjectors.js","statementMap":{"0":{"start":{"line":14,"column":21},"end":{"line":14,"column":68}},"1":{"start":{"line":16,"column":17},"end":{"line":19,"column":1}},"2":{"start":{"line":16,"column":26},"end":{"line":19,"column":1}},"3":{"start":{"line":21,"column":24},"end":{"line":30,"column":1}},"4":{"start":{"line":22,"column":16},"end":{"line":25,"column":3}},"5":{"start":{"line":24,"column":20},"end":{"line":24,"column":65}},"6":{"start":{"line":26,"column":2},"end":{"line":29,"column":4}},"7":{"start":{"line":33,"column":2},"end":{"line":56,"column":4}},"8":{"start":{"line":34,"column":4},"end":{"line":34,"column":36}},"9":{"start":{"line":34,"column":18},"end":{"line":34,"column":36}},"10":{"start":{"line":36,"column":26},"end":{"line":36,"column":88}},"11":{"start":{"line":37,"column":27},"end":{"line":37,"column":40}},"12":{"start":{"line":39,"column":4},"end":{"line":39,"column":18}},"13":{"start":{"line":40,"column":4},"end":{"line":40,"column":35}},"14":{"start":{"line":42,"column":18},"end":{"line":42,"column":55}},"15":{"start":{"line":44,"column":4},"end":{"line":51,"column":5}},"16":{"start":{"line":45,"column":28},"end":{"line":45,"column":52}},"17":{"start":{"line":47,"column":6},"end":{"line":50,"column":7}},"18":{"start":{"line":48,"column":8},"end":{"line":48,"column":36}},"19":{"start":{"line":49,"column":8},"end":{"line":49,"column":24}},"20":{"start":{"line":53,"column":4},"end":{"line":55,"column":5}},"21":{"start":{"line":54,"column":6},"end":{"line":54,"column":87}},"22":{"start":{"line":60,"column":2},"end":{"line":76,"column":4}},"23":{"start":{"line":61,"column":4},"end":{"line":61,"column":36}},"24":{"start":{"line":61,"column":18},"end":{"line":61,"column":36}},"25":{"start":{"line":63,"column":4},"end":{"line":63,"column":18}},"26":{"start":{"line":65,"column":4},"end":{"line":75,"column":5}},"27":{"start":{"line":66,"column":25},"end":{"line":66,"column":49}},"28":{"start":{"line":67,"column":6},"end":{"line":74,"column":7}},"29":{"start":{"line":68,"column":8},"end":{"line":68,"column":33}},"30":{"start":{"line":70,"column":8},"end":{"line":73,"column":9}},"31":{"start":{"line":72,"column":10},"end":{"line":72,"column":44}},"32":{"start":{"line":80,"column":2},"end":{"line":80,"column":20}},"33":{"start":{"line":82,"column":2},"end":{"line":85,"column":4}}},"fnMap":{"0":{"name":"(anonymous_0)","decl":{"start":{"line":16,"column":17},"end":{"line":16,"column":18}},"loc":{"start":{"line":16,"column":26},"end":{"line":19,"column":1}},"line":16},"1":{"name":"(anonymous_1)","decl":{"start":{"line":21,"column":24},"end":{"line":21,"column":25}},"loc":{"start":{"line":21,"column":40},"end":{"line":30,"column":1}},"line":21},"2":{"name":"(anonymous_2)","decl":{"start":{"line":24,"column":10},"end":{"line":24,"column":11}},"loc":{"start":{"line":24,"column":20},"end":{"line":24,"column":65}},"line":24},"3":{"name":"injectSagaFactory","decl":{"start":{"line":32,"column":16},"end":{"line":32,"column":33}},"loc":{"start":{"line":32,"column":50},"end":{"line":57,"column":1}},"line":32},"4":{"name":"injectSaga","decl":{"start":{"line":33,"column":18},"end":{"line":33,"column":28}},"loc":{"start":{"line":33,"column":57},"end":{"line":56,"column":3}},"line":33},"5":{"name":"ejectSagaFactory","decl":{"start":{"line":59,"column":16},"end":{"line":59,"column":32}},"loc":{"start":{"line":59,"column":49},"end":{"line":77,"column":1}},"line":59},"6":{"name":"ejectSaga","decl":{"start":{"line":60,"column":18},"end":{"line":60,"column":27}},"loc":{"start":{"line":60,"column":33},"end":{"line":76,"column":3}},"line":60},"7":{"name":"getInjectors","decl":{"start":{"line":79,"column":24},"end":{"line":79,"column":36}},"loc":{"start":{"line":79,"column":44},"end":{"line":86,"column":1}},"line":79}},"branchMap":{"0":{"loc":{"start":{"line":17,"column":2},"end":{"line":17,"column":32}},"type":"binary-expr","locations":[{"start":{"line":17,"column":2},"end":{"line":17,"column":15}},{"start":{"line":17,"column":19},"end":{"line":17,"column":32}}],"line":17},"1":{"loc":{"start":{"line":24,"column":20},"end":{"line":24,"column":65}},"type":"binary-expr","locations":[{"start":{"line":24,"column":20},"end":{"line":24,"column":34}},{"start":{"line":24,"column":38},"end":{"line":24,"column":65}}],"line":24},"2":{"loc":{"start":{"line":33,"column":34},"end":{"line":33,"column":49}},"type":"default-arg","locations":[{"start":{"line":33,"column":47},"end":{"line":33,"column":49}}],"line":33},"3":{"loc":{"start":{"line":34,"column":4},"end":{"line":34,"column":36}},"type":"if","locations":[{"start":{"line":34,"column":4},"end":{"line":34,"column":36}},{"start":{"line":34,"column":4},"end":{"line":34,"column":36}}],"line":34},"4":{"loc":{"start":{"line":36,"column":49},"end":{"line":36,"column":86}},"type":"binary-expr","locations":[{"start":{"line":36,"column":49},"end":{"line":36,"column":64}},{"start":{"line":36,"column":68},"end":{"line":36,"column":86}}],"line":36},"5":{"loc":{"start":{"line":44,"column":4},"end":{"line":51,"column":5}},"type":"if","locations":[{"start":{"line":44,"column":4},"end":{"line":51,"column":5}},{"start":{"line":44,"column":4},"end":{"line":51,"column":5}}],"line":44},"6":{"loc":{"start":{"line":47,"column":6},"end":{"line":50,"column":7}},"type":"if","locations":[{"start":{"line":47,"column":6},"end":{"line":50,"column":7}},{"start":{"line":47,"column":6},"end":{"line":50,"column":7}}],"line":47},"7":{"loc":{"start":{"line":47,"column":10},"end":{"line":47,"column":48}},"type":"binary-expr","locations":[{"start":{"line":47,"column":10},"end":{"line":47,"column":17}},{"start":{"line":47,"column":21},"end":{"line":47,"column":48}}],"line":47},"8":{"loc":{"start":{"line":53,"column":4},"end":{"line":55,"column":5}},"type":"if","locations":[{"start":{"line":53,"column":4},"end":{"line":55,"column":5}},{"start":{"line":53,"column":4},"end":{"line":55,"column":5}}],"line":53},"9":{"loc":{"start":{"line":53,"column":8},"end":{"line":53,"column":78}},"type":"binary-expr","locations":[{"start":{"line":53,"column":8},"end":{"line":53,"column":16}},{"start":{"line":53,"column":21},"end":{"line":53,"column":28}},{"start":{"line":53,"column":32},"end":{"line":53,"column":47}},{"start":{"line":53,"column":51},"end":{"line":53,"column":77}}],"line":53},"10":{"loc":{"start":{"line":61,"column":4},"end":{"line":61,"column":36}},"type":"if","locations":[{"start":{"line":61,"column":4},"end":{"line":61,"column":36}},{"start":{"line":61,"column":4},"end":{"line":61,"column":36}}],"line":61},"11":{"loc":{"start":{"line":65,"column":4},"end":{"line":75,"column":5}},"type":"if","locations":[{"start":{"line":65,"column":4},"end":{"line":75,"column":5}},{"start":{"line":65,"column":4},"end":{"line":75,"column":5}}],"line":65},"12":{"loc":{"start":{"line":67,"column":6},"end":{"line":74,"column":7}},"type":"if","locations":[{"start":{"line":67,"column":6},"end":{"line":74,"column":7}},{"start":{"line":67,"column":6},"end":{"line":74,"column":7}}],"line":67},"13":{"loc":{"start":{"line":70,"column":8},"end":{"line":73,"column":9}},"type":"if","locations":[{"start":{"line":70,"column":8},"end":{"line":73,"column":9}},{"start":{"line":70,"column":8},"end":{"line":73,"column":9}}],"line":70}},"s":{"0":2,"1":2,"2":36,"3":2,"4":24,"5":24,"6":24,"7":21,"8":27,"9":1,"10":26,"11":26,"12":26,"13":24,"14":20,"15":20,"16":16,"17":16,"18":1,"19":1,"20":20,"21":15,"22":21,"23":11,"24":1,"25":10,"26":8,"27":7,"28":7,"29":4,"30":4,"31":2,"32":2,"33":1},"f":{"0":36,"1":24,"2":24,"3":21,"4":27,"5":21,"6":11,"7":2},"b":{"0":[36,34],"1":[24,23],"2":[1],"3":[1,26],"4":[26,10],"5":[16,4],"6":[1,15],"7":[16,5],"8":[15,5],"9":[20,5,5,2],"10":[1,10],"11":[7,1],"12":[4,3],"13":[2,2]},"_coverageSchema":"332fd63041d2c1bcb487cc26dd0d5f7d97098a6c","hash":"b91865fd85f506d0aa8b923abf5c8c05a9fdf5e3"}
}
