TN:
SF:/Users/qwert/PhpstormProjects/bolirplate_lint_scss/react_empty_app_sass_boilerplate/app/configureStore.js
FN:13,configureStore
FNF:1
FNH:1
FNDA:39,configureStore
DA:11,6
DA:17,39
DA:22,39
DA:29,39
DA:40,39
DA:47,39
DA:48,39
DA:49,39
DA:59,39
LF:9
LH:9
BRDA:13,0,0,1
BRDA:29,1,0,1
BRDA:29,1,1,38
BRDA:29,2,0,39
BRDA:29,2,1,39
BRDA:29,2,2,39
BRF:6
BRH:6
end_of_record
TN:
SF:/Users/qwert/PhpstormProjects/bolirplate_lint_scss/react_empty_app_sass_boilerplate/app/i18n.js
FN:19,(anonymous_0)
FN:23,(anonymous_1)
FNF:2
FNH:2
FNDA:5,(anonymous_0)
FNDA:7,(anonymous_1)
DA:13,2
DA:17,2
DA:19,2
DA:20,5
DA:23,5
DA:24,7
DA:25,7
DA:26,1
DA:28,7
DA:32,2
LF:10
LH:10
BRDA:20,0,0,1
BRDA:20,0,1,4
BRDA:25,1,0,1
BRDA:25,1,1,6
BRDA:25,2,0,7
BRDA:25,2,1,1
BRF:6
BRH:6
end_of_record
TN:
SF:/Users/qwert/PhpstormProjects/bolirplate_lint_scss/react_empty_app_sass_boilerplate/app/reducers.js
FN:27,routeReducer
FN:42,createReducer
FNF:2
FNH:2
FNDA:49,routeReducer
FNDA:44,createReducer
DA:20,8
DA:28,49
DA:35,49
DA:43,44
LF:4
LH:4
BRDA:27,0,0,39
BRDA:28,1,0,49
BRF:2
BRH:2
end_of_record
TN:
SF:/Users/qwert/PhpstormProjects/bolirplate_lint_scss/react_empty_app_sass_boilerplate/app/containers/App/constants.js
FNF:0
FNH:0
DA:12,10
LF:1
LH:1
BRF:0
BRH:0
end_of_record
TN:
SF:/Users/qwert/PhpstormProjects/bolirplate_lint_scss/react_empty_app_sass_boilerplate/app/containers/App/index.js
FN:21,App
FNF:1
FNH:1
FNDA:1,App
DA:22,1
LF:1
LH:1
BRF:0
BRH:0
end_of_record
TN:
SF:/Users/qwert/PhpstormProjects/bolirplate_lint_scss/react_empty_app_sass_boilerplate/app/containers/App/selectors.js
FN:3,(anonymous_0)
FN:5,(anonymous_1)
FN:7,(anonymous_2)
FNF:3
FNH:3
FNDA:1,(anonymous_0)
FNDA:1,(anonymous_1)
FNDA:1,(anonymous_2)
DA:3,1
DA:5,1
DA:7,1
LF:3
LH:3
BRF:0
BRH:0
end_of_record
TN:
SF:/Users/qwert/PhpstormProjects/bolirplate_lint_scss/react_empty_app_sass_boilerplate/app/containers/HomePage/index.js
FN:17,(anonymous_0)
FNF:1
FNH:1
FNDA:1,(anonymous_0)
DA:18,1
LF:1
LH:1
BRF:0
BRH:0
end_of_record
TN:
SF:/Users/qwert/PhpstormProjects/bolirplate_lint_scss/react_empty_app_sass_boilerplate/app/containers/HomePage/messages.js
FNF:0
FNH:0
LF:0
LH:0
BRF:0
BRH:0
end_of_record
TN:
SF:/Users/qwert/PhpstormProjects/bolirplate_lint_scss/react_empty_app_sass_boilerplate/app/containers/LanguageProvider/actions.js
FN:11,changeLocale
FNF:1
FNH:1
FNDA:1,changeLocale
DA:12,1
LF:1
LH:1
BRF:0
BRH:0
end_of_record
TN:
SF:/Users/qwert/PhpstormProjects/bolirplate_lint_scss/react_empty_app_sass_boilerplate/app/containers/LanguageProvider/constants.js
FNF:0
FNH:0
DA:7,10
DA:8,10
LF:2
LH:2
BRF:0
BRH:0
end_of_record
TN:
SF:/Users/qwert/PhpstormProjects/bolirplate_lint_scss/react_empty_app_sass_boilerplate/app/containers/LanguageProvider/index.js
FN:18,(anonymous_0)
FN:36,(anonymous_1)
FN:39,mapDispatchToProps
FNF:3
FNH:3
FNDA:2,(anonymous_0)
FNDA:1,(anonymous_1)
FNDA:1,mapDispatchToProps
DA:19,2
DA:27,1
DA:34,1
DA:36,1
DA:40,1
LF:5
LH:5
BRF:0
BRH:0
end_of_record
TN:
SF:/Users/qwert/PhpstormProjects/bolirplate_lint_scss/react_empty_app_sass_boilerplate/app/containers/LanguageProvider/reducer.js
FN:20,languageProviderReducer
FNF:1
FNH:1
FNDA:51,languageProviderReducer
DA:16,9
DA:21,51
DA:23,1
DA:26,50
LF:4
LH:4
BRDA:20,0,0,41
BRDA:21,1,0,1
BRDA:21,1,1,50
BRF:3
BRH:3
end_of_record
TN:
SF:/Users/qwert/PhpstormProjects/bolirplate_lint_scss/react_empty_app_sass_boilerplate/app/containers/LanguageProvider/selectors.js
FN:6,(anonymous_0)
FN:12,(anonymous_1)
FN:14,(anonymous_2)
FNF:3
FNH:3
FNDA:2,(anonymous_0)
FNDA:1,(anonymous_1)
FNDA:1,(anonymous_2)
DA:6,2
DA:12,2
DA:14,1
LF:3
LH:3
BRF:0
BRH:0
end_of_record
TN:
SF:/Users/qwert/PhpstormProjects/bolirplate_lint_scss/react_empty_app_sass_boilerplate/app/containers/NotFoundPage/index.js
FN:18,(anonymous_0)
FNF:1
FNH:1
FNDA:1,(anonymous_0)
DA:19,1
LF:1
LH:1
BRF:0
BRH:0
end_of_record
TN:
SF:/Users/qwert/PhpstormProjects/bolirplate_lint_scss/react_empty_app_sass_boilerplate/app/containers/NotFoundPage/messages.js
FNF:0
FNH:0
LF:0
LH:0
BRF:0
BRH:0
end_of_record
TN:
SF:/Users/qwert/PhpstormProjects/bolirplate_lint_scss/react_empty_app_sass_boilerplate/app/containers/SimpleDND/actions.js
FN:18,moveBorders
FN:24,moveCardsInsideDesk
FN:30,moveCardsOutSideDesk
FN:36,deleteDesk
FN:43,deleteCard
FN:49,addDesk
FN:54,addCard
FN:60,changeCardText
FNF:8
FNH:8
FNDA:2,moveBorders
FNDA:2,moveCardsInsideDesk
FNDA:2,moveCardsOutSideDesk
FNDA:2,deleteDesk
FNDA:2,deleteCard
FNDA:3,addDesk
FNDA:3,addCard
FNDA:2,changeCardText
DA:19,2
DA:25,2
DA:31,2
DA:37,2
DA:44,2
DA:50,3
DA:55,3
DA:61,2
LF:8
LH:8
BRF:0
BRH:0
end_of_record
TN:
SF:/Users/qwert/PhpstormProjects/bolirplate_lint_scss/react_empty_app_sass_boilerplate/app/containers/SimpleDND/constants.js
FNF:0
FNH:0
DA:1,4
DA:2,4
DA:3,4
DA:4,4
DA:5,4
DA:6,4
DA:7,4
DA:8,4
DA:9,4
LF:9
LH:9
BRF:0
BRH:0
end_of_record
TN:
SF:/Users/qwert/PhpstormProjects/bolirplate_lint_scss/react_empty_app_sass_boilerplate/app/containers/SimpleDND/index.js
FN:54,(anonymous_0)
FN:58,(anonymous_1)
FN:65,(anonymous_2)
FN:69,(anonymous_3)
FN:72,(anonymous_4)
FN:75,(anonymous_5)
FN:78,(anonymous_6)
FN:81,(anonymous_7)
FN:85,(anonymous_8)
FN:100,(anonymous_9)
FN:124,mapDispatchToProps
FNF:11
FNH:5
FNDA:4,(anonymous_0)
FNDA:0,(anonymous_1)
FNDA:0,(anonymous_2)
FNDA:0,(anonymous_3)
FNDA:0,(anonymous_4)
FNDA:1,(anonymous_5)
FNDA:1,(anonymous_6)
FNDA:0,(anonymous_7)
FNDA:4,(anonymous_8)
FNDA:4,(anonymous_9)
FNDA:0,mapDispatchToProps
DA:55,4
DA:56,4
DA:59,0
DA:66,0
DA:70,0
DA:73,0
DA:76,1
DA:79,1
DA:82,0
DA:83,0
DA:88,4
DA:89,4
DA:101,4
DA:125,0
DA:136,2
DA:139,2
DA:140,2
LF:17
LH:10
BRF:0
BRH:0
end_of_record
TN:
SF:/Users/qwert/PhpstormProjects/bolirplate_lint_scss/react_empty_app_sass_boilerplate/app/containers/SimpleDND/reducer.js
FN:20,SimpleDNDReducer
FN:75,(anonymous_1)
FNF:2
FNH:2
FNDA:13,SimpleDNDReducer
FNDA:2,(anonymous_1)
DA:14,3
DA:21,13
DA:23,1
DA:26,1
DA:35,1
DA:36,1
DA:37,1
DA:46,1
DA:47,1
DA:48,1
DA:49,1
DA:50,1
DA:54,1
DA:55,1
DA:58,1
DA:59,1
DA:60,1
DA:63,1
DA:64,1
DA:65,1
DA:66,1
DA:67,1
DA:70,1
DA:73,2
DA:74,2
DA:75,2
DA:76,2
DA:77,1
DA:79,2
DA:93,1
DA:94,1
DA:95,1
DA:96,1
DA:99,3
LF:34
LH:34
BRDA:20,0,0,4
BRDA:21,1,0,1
BRDA:21,1,1,1
BRDA:21,1,2,1
BRDA:21,1,3,1
BRDA:21,1,4,1
BRDA:21,1,5,1
BRDA:21,1,6,1
BRDA:21,1,7,2
BRDA:21,1,8,1
BRDA:21,1,9,3
BRDA:76,2,0,1
BRDA:76,2,1,1
BRF:13
BRH:13
end_of_record
TN:
SF:/Users/qwert/PhpstormProjects/bolirplate_lint_scss/react_empty_app_sass_boilerplate/app/containers/SimpleDND/selectors.js
FN:3,(anonymous_0)
FN:5,(anonymous_1)
FN:7,(anonymous_2)
FNF:3
FNH:3
FNDA:2,(anonymous_0)
FNDA:3,(anonymous_1)
FNDA:1,(anonymous_2)
DA:3,3
DA:5,3
DA:7,1
LF:3
LH:3
BRF:0
BRH:0
end_of_record
TN:
SF:/Users/qwert/PhpstormProjects/bolirplate_lint_scss/react_empty_app_sass_boilerplate/app/containers/SimpleDND/components/Card.js
FN:68,(anonymous_0)
FN:81,(anonymous_1)
FN:82,(anonymous_2)
FN:49,(anonymous_3)
FN:52,(anonymous_4)
FNF:5
FNH:3
FNDA:4,(anonymous_0)
FNDA:0,(anonymous_1)
FNDA:0,(anonymous_2)
FNDA:8,(anonymous_3)
FNDA:8,(anonymous_4)
DA:5,2
DA:8,2
DA:10,0
DA:18,2
DA:20,0
DA:22,0
DA:23,0
DA:24,0
DA:26,0
DA:28,0
DA:30,0
DA:32,0
DA:35,0
DA:36,0
DA:38,0
DA:39,0
DA:42,0
DA:43,0
DA:45,0
DA:46,0
DA:49,8
DA:52,8
DA:78,4
DA:79,4
DA:80,4
DA:81,0
DA:82,0
LF:27
LH:8
BRDA:23,0,0,0
BRDA:23,0,1,0
BRDA:35,1,0,0
BRDA:35,1,1,0
BRDA:35,2,0,0
BRDA:35,2,1,0
BRDA:38,3,0,0
BRDA:38,3,1,0
BRDA:38,4,0,0
BRDA:38,4,1,0
BRDA:42,5,0,0
BRDA:42,5,1,0
BRDA:79,6,0,0
BRDA:79,6,1,4
BRF:14
BRH:1
end_of_record
TN:
SF:/Users/qwert/PhpstormProjects/bolirplate_lint_scss/react_empty_app_sass_boilerplate/app/containers/SimpleDND/components/Container.js
FN:84,(anonymous_0)
FN:108,(anonymous_1)
FN:110,(anonymous_2)
FN:57,(anonymous_3)
FN:64,(anonymous_4)
FNF:5
FNH:5
FNDA:4,(anonymous_0)
FNDA:1,(anonymous_1)
FNDA:4,(anonymous_2)
FNDA:8,(anonymous_3)
FNDA:8,(anonymous_4)
DA:7,2
DA:10,2
DA:12,0
DA:19,2
DA:21,0
DA:22,0
DA:23,0
DA:24,0
DA:25,0
DA:27,0
DA:29,0
DA:31,0
DA:33,0
DA:35,0
DA:36,0
DA:38,0
DA:39,0
DA:41,0
DA:43,0
DA:45,0
DA:46,0
DA:48,0
DA:49,0
DA:50,0
DA:51,0
DA:57,8
DA:64,8
DA:96,4
DA:98,4
DA:99,4
DA:100,4
DA:101,0
DA:104,4
DA:108,1
DA:111,4
LF:35
LH:12
BRDA:22,0,0,0
BRDA:22,0,1,0
BRDA:24,1,0,0
BRDA:24,1,1,0
BRDA:35,2,0,0
BRDA:35,2,1,0
BRDA:35,3,0,0
BRDA:35,3,1,0
BRDA:38,4,0,0
BRDA:38,4,1,0
BRDA:38,5,0,0
BRDA:38,5,1,0
BRDA:45,6,0,0
BRDA:45,6,1,0
BRDA:98,7,0,4
BRDA:98,7,1,0
BRDA:100,8,0,0
BRDA:100,8,1,4
BRF:18
BRH:2
end_of_record
TN:
SF:/Users/qwert/PhpstormProjects/bolirplate_lint_scss/react_empty_app_sass_boilerplate/app/containers/SimpleDND/components/Delete.js
FN:29,(anonymous_0)
FN:17,(anonymous_1)
FNF:2
FNH:2
FNDA:5,(anonymous_0)
FNDA:10,(anonymous_1)
DA:4,3
DA:7,3
DA:9,0
DA:10,0
DA:12,0
DA:13,0
DA:17,10
DA:34,5
DA:35,5
DA:36,5
DA:37,5
DA:38,0
DA:40,5
LF:13
LH:8
BRDA:9,0,0,0
BRDA:9,0,1,0
BRDA:12,1,0,0
BRDA:12,1,1,0
BRDA:35,2,0,5
BRDA:35,2,1,0
BRDA:37,3,0,0
BRDA:37,3,1,5
BRF:8
BRH:2
end_of_record
TN:
SF:/Users/qwert/PhpstormProjects/bolirplate_lint_scss/react_empty_app_sass_boilerplate/app/containers/SimpleDND/components/FromExample.js
FN:11,(anonymous_0)
FN:21,(anonymous_1)
FN:29,(anonymous_2)
FN:32,(anonymous_3)
FN:36,(anonymous_4)
FNF:5
FNH:3
FNDA:4,(anonymous_0)
FNDA:8,(anonymous_1)
FNDA:0,(anonymous_2)
FNDA:0,(anonymous_3)
FNDA:4,(anonymous_4)
DA:12,4
DA:14,4
DA:16,4
DA:22,8
DA:23,8
DA:24,8
DA:25,8
DA:26,8
DA:30,0
DA:33,0
DA:37,4
LF:11
LH:9
BRDA:23,0,0,0
BRDA:23,0,1,8
BRDA:24,1,0,0
BRDA:24,1,1,8
BRDA:25,2,0,0
BRDA:25,2,1,8
BRF:6
BRH:3
end_of_record
TN:
SF:/Users/qwert/PhpstormProjects/bolirplate_lint_scss/react_empty_app_sass_boilerplate/app/containers/SimpleDND/components/Modal.js
FN:12,(anonymous_0)
FN:16,(anonymous_1)
FN:19,(anonymous_2)
FN:22,(anonymous_3)
FN:30,(anonymous_4)
FN:39,(anonymous_5)
FN:40,(anonymous_6)
FNF:7
FNH:2
FNDA:4,(anonymous_0)
FNDA:0,(anonymous_1)
FNDA:0,(anonymous_2)
FNDA:4,(anonymous_3)
FNDA:0,(anonymous_4)
FNDA:0,(anonymous_5)
FNDA:0,(anonymous_6)
DA:13,4
DA:14,4
DA:17,0
DA:20,0
DA:28,4
DA:29,4
DA:30,0
DA:39,0
DA:40,0
LF:9
LH:4
BRF:0
BRH:0
end_of_record
TN:
SF:/Users/qwert/PhpstormProjects/bolirplate_lint_scss/react_empty_app_sass_boilerplate/app/utils/checkStore.js
FN:9,checkStore
FNF:1
FNH:1
FNDA:13,checkStore
DA:10,13
DA:19,13
LF:2
LH:2
BRF:0
BRH:0
end_of_record
TN:
SF:/Users/qwert/PhpstormProjects/bolirplate_lint_scss/react_empty_app_sass_boilerplate/app/utils/constants.js
FNF:0
FNH:0
DA:1,2
DA:2,2
DA:3,2
LF:3
LH:3
BRF:0
BRH:0
end_of_record
TN:
SF:/Users/qwert/PhpstormProjects/bolirplate_lint_scss/react_empty_app_sass_boilerplate/app/utils/injectReducer.js
FN:14,(anonymous_0)
FN:14,(anonymous_1)
FN:22,(anonymous_2)
FN:30,(anonymous_3)
FNF:4
FNH:4
FNDA:6,(anonymous_0)
FNDA:6,(anonymous_1)
FNDA:2,(anonymous_2)
FNDA:2,(anonymous_3)
DA:14,6
DA:23,2
DA:25,2
DA:31,2
DA:35,6
LF:5
LH:5
BRDA:20,0,0,6
BRDA:20,0,1,4
BRDA:20,0,2,1
BRF:3
BRH:3
end_of_record
TN:
SF:/Users/qwert/PhpstormProjects/bolirplate_lint_scss/react_empty_app_sass_boilerplate/app/utils/injectSaga.js
FN:18,(anonymous_0)
FN:18,(anonymous_1)
FN:26,(anonymous_2)
FN:32,(anonymous_3)
FN:40,(anonymous_4)
FNF:5
FNH:5
FNDA:5,(anonymous_0)
FNDA:5,(anonymous_1)
FNDA:3,(anonymous_2)
FNDA:1,(anonymous_3)
FNDA:3,(anonymous_4)
DA:18,5
DA:27,3
DA:29,3
DA:33,1
DA:35,1
DA:41,3
DA:45,5
LF:7
LH:7
BRDA:24,0,0,5
BRDA:24,0,1,5
BRDA:24,0,2,1
BRF:3
BRH:3
end_of_record
TN:
SF:/Users/qwert/PhpstormProjects/bolirplate_lint_scss/react_empty_app_sass_boilerplate/app/utils/reducerInjectors.js
FN:9,injectReducerFactory
FN:10,injectReducer
FN:26,getInjectors
FNF:3
FNH:3
FNDA:8,injectReducerFactory
FNDA:10,injectReducer
FNDA:2,getInjectors
DA:10,8
DA:11,10
DA:13,9
DA:19,6
DA:21,5
DA:22,5
DA:27,2
DA:29,1
LF:8
LH:8
BRDA:11,0,0,1
BRDA:11,0,1,9
BRDA:14,1,0,9
BRDA:14,1,1,7
BRDA:14,1,2,6
BRDA:19,2,0,1
BRDA:19,2,1,5
BRDA:19,3,0,6
BRDA:19,3,1,2
BRF:9
BRH:9
end_of_record
TN:
SF:/Users/qwert/PhpstormProjects/bolirplate_lint_scss/react_empty_app_sass_boilerplate/app/utils/sagaInjectors.js
FN:16,(anonymous_0)
FN:21,(anonymous_1)
FN:24,(anonymous_2)
FN:32,injectSagaFactory
FN:33,injectSaga
FN:59,ejectSagaFactory
FN:60,ejectSaga
FN:79,getInjectors
FNF:8
FNH:8
FNDA:36,(anonymous_0)
FNDA:24,(anonymous_1)
FNDA:24,(anonymous_2)
FNDA:21,injectSagaFactory
FNDA:27,injectSaga
FNDA:21,ejectSagaFactory
FNDA:11,ejectSaga
FNDA:2,getInjectors
DA:14,2
DA:16,36
DA:21,2
DA:22,24
DA:24,24
DA:26,24
DA:33,21
DA:34,27
DA:36,26
DA:37,26
DA:39,26
DA:40,24
DA:42,20
DA:44,20
DA:45,16
DA:47,16
DA:48,1
DA:49,1
DA:53,20
DA:54,15
DA:60,21
DA:61,11
DA:63,10
DA:65,8
DA:66,7
DA:67,7
DA:68,4
DA:70,4
DA:72,2
DA:80,2
DA:82,1
LF:31
LH:31
BRDA:17,0,0,36
BRDA:17,0,1,34
BRDA:24,1,0,24
BRDA:24,1,1,23
BRDA:33,2,0,1
BRDA:34,3,0,1
BRDA:34,3,1,26
BRDA:36,4,0,26
BRDA:36,4,1,10
BRDA:44,5,0,16
BRDA:44,5,1,4
BRDA:47,6,0,1
BRDA:47,6,1,15
BRDA:47,7,0,16
BRDA:47,7,1,5
BRDA:53,8,0,15
BRDA:53,8,1,5
BRDA:53,9,0,20
BRDA:53,9,1,5
BRDA:53,9,2,5
BRDA:53,9,3,2
BRDA:61,10,0,1
BRDA:61,10,1,10
BRDA:65,11,0,7
BRDA:65,11,1,1
BRDA:67,12,0,4
BRDA:67,12,1,3
BRDA:70,13,0,2
BRDA:70,13,1,2
BRF:29
BRH:29
end_of_record
